Build started at 2025-12-10T20:16:08.120270
Main binary: /usr/bin/python3
Build Options: -Daudio_drv_list=default -Ddefault_devices=true -Ddocdir=/home/cmy/rehosting/qemu5_rehosting/qemu-user-static/share/doc -Dqemu_firmwarepath=/home/cmy/rehosting/qemu5_rehosting/qemu-user-static/share/qemu-firmware -Dqemu_suffix=qemu -Dsphinx_build= -Dtrace_file=trace -Doptimization=2 -Ddebug=true -Dwerror=false -Dstrip=true -Db_pie=true -Db_coverage=false -Db_lto=false -Dcfi=false -Dtcg=enabled -Dxen=disabled -Dcapstone=auto -Dfdt=auto -Dslirp=auto -Dprefix=/home/cmy/rehosting/qemu5_rehosting/qemu-user-static -Dbindir=/home/cmy/rehosting/qemu5_rehosting/qemu-user-static/bin -Ddatadir=/home/cmy/rehosting/qemu5_rehosting/qemu-user-static/share -Dincludedir=/home/cmy/rehosting/qemu5_rehosting/qemu-user-static/include -Dlibdir=/home/cmy/rehosting/qemu5_rehosting/qemu-user-static/lib -Dlibexecdir=/home/cmy/rehosting/qemu5_rehosting/qemu-user-static/libexec -Dlocaledir=/home/cmy/rehosting/qemu5_rehosting/qemu-user-static/share/locale -Dlocalstatedir=/home/cmy/rehosting/qemu5_rehosting/qemu-user-static/var -Dmandir=/home/cmy/rehosting/qemu5_rehosting/qemu-user-static/share/man -Dsysconfdir=/home/cmy/rehosting/qemu5_rehosting/qemu-user-static/etc '--native-file config-meson.cross'
Python system: Linux
The Meson build system
Version: 0.59.3
Source dir: /home/cmy/rehosting/qemu5_rehosting/qemu5
Build dir: /home/cmy/rehosting/qemu5_rehosting/qemu5/build
Build type: native build
Project name: qemu
Project version: 6.1.90
Sanity testing C compiler: cc -m64 -mcx16
Is cross compiler: False.
Sanity check compiler command line: cc -m64 -mcx16 sanitycheckc.c -o sanitycheckc.exe -D_FILE_OFFSET_BITS=64
Sanity check compile stdout:

-----
Sanity check compile stderr:

-----
Running test binary command: /home/cmy/rehosting/qemu5_rehosting/qemu5/build/meson-private/sanitycheckc.exe
C compiler for the host machine: cc -m64 -mcx16 (gcc 9.4.0 "cc (Ubuntu 9.4.0-1ubuntu1~20.04.2) 9.4.0")
C linker for the host machine: cc -m64 -mcx16 ld.bfd 2.34
Sanity testing C compiler: cc -m64 -mcx16
Is cross compiler: False.
Sanity check compiler command line: cc -m64 -mcx16 sanitycheckc.c -o sanitycheckc.exe -D_FILE_OFFSET_BITS=64
Sanity check compile stdout:

-----
Sanity check compile stderr:

-----
Running test binary command: /home/cmy/rehosting/qemu5_rehosting/qemu5/build/meson-private/sanitycheckc.exe
C compiler for the build machine: cc -m64 -mcx16 (gcc 9.4.0 "cc (Ubuntu 9.4.0-1ubuntu1~20.04.2) 9.4.0")
C linker for the build machine: cc -m64 -mcx16 ld.bfd 2.34
Build machine cpu family: x86_64
Build machine cpu: x86_64
Host machine cpu family: x86_64
Host machine cpu: x86_64
Target machine cpu family: x86_64
Target machine cpu: x86_64
Program sh found: YES (/usr/bin/sh)
Program python3 found: YES (/usr/bin/python3)
WARNING: Broken python installation detected. Python files installed by Meson might not be found by python interpreter.
Sanity testing C++ compiler: c++ -m64 -mcx16
Is cross compiler: False.
Sanity check compiler command line: c++ -m64 -mcx16 sanitycheckcpp.cc -o sanitycheckcpp.exe -D_FILE_OFFSET_BITS=64
Sanity check compile stdout:

-----
Sanity check compile stderr:

-----
Running test binary command: /home/cmy/rehosting/qemu5_rehosting/qemu5/build/meson-private/sanitycheckcpp.exe
C++ compiler for the host machine: c++ -m64 -mcx16 (gcc 9.4.0 "c++ (Ubuntu 9.4.0-1ubuntu1~20.04.2) 9.4.0")
C++ linker for the host machine: c++ -m64 -mcx16 ld.bfd 2.34
Program cgcc found: NO
Running compile:
Working directory:  /home/cmy/rehosting/qemu5_rehosting/qemu5/build/meson-private/tmp5r14oucp
Command line:  cc -m64 -mcx16 /home/cmy/rehosting/qemu5_rehosting/qemu5/build/meson-private/tmp5r14oucp/testfile.c -o /home/cmy/rehosting/qemu5_rehosting/qemu5/build/meson-private/tmp5r14oucp/output.exe -D_FILE_OFFSET_BITS=64 -O0 -Wl,--start-group -lm -Wl,--end-group -Wl,--allow-shlib-undefined 

Code:
 int main(void) { return 0; }

Compiler stdout:
 
Compiler stderr:
 
Library m found: YES
Run-time dependency threads found: YES
Running compile:
Working directory:  /home/cmy/rehosting/qemu5_rehosting/qemu5/build/meson-private/tmp07fmepeb
Command line:  cc -m64 -mcx16 /home/cmy/rehosting/qemu5_rehosting/qemu5/build/meson-private/tmp07fmepeb/testfile.c -o /home/cmy/rehosting/qemu5_rehosting/qemu5/build/meson-private/tmp07fmepeb/output.exe -D_FILE_OFFSET_BITS=64 -O0 -Wl,--start-group -lutil -Wl,--end-group -Wl,--allow-shlib-undefined 

Code:
 int main(void) { return 0; }

Compiler stdout:
 
Compiler stderr:
 
Library util found: YES
Run-time dependency appleframeworks found: NO (tried framework)
Pkg-config binary for MachineChoice.HOST is not cached.
Pkg-config binary for 1 specified from cross file, native file, or env var as ['pkg-config']
Found pkg-config: /usr/bin/pkg-config (1.6.3)
Determining dependency 'zlib' with pkg-config executable '/usr/bin/pkg-config'
env[PKG_CONFIG_PATH]: /usr/local/protobuf/lib/pkgconfig/
Called `/usr/bin/pkg-config --modversion zlib` -> 0
1.2.11
env[PKG_CONFIG_PATH]: /usr/local/protobuf/lib/pkgconfig/
Called `/usr/bin/pkg-config --cflags zlib` -> 0

env[PKG_CONFIG_PATH]: /usr/local/protobuf/lib/pkgconfig/
env[PKG_CONFIG_ALLOW_SYSTEM_LIBS]: 1
Called `/usr/bin/pkg-config --libs --static zlib` -> 0
-L/usr/lib/x86_64-linux-gnu -lz
env[PKG_CONFIG_PATH]: /usr/local/protobuf/lib/pkgconfig/
Called `/usr/bin/pkg-config --libs --static zlib` -> 0
-L/usr/lib/x86_64-linux-gnu -lz
Running compile:
Working directory:  /home/cmy/rehosting/qemu5_rehosting/qemu5/build/meson-private/tmps341p29b
Command line:  c++ -m64 -mcx16 /home/cmy/rehosting/qemu5_rehosting/qemu5/build/meson-private/tmps341p29b/testfile.cpp -o /home/cmy/rehosting/qemu5_rehosting/qemu5/build/meson-private/tmps341p29b/output.exe -D_FILE_OFFSET_BITS=64 -O0 -fpermissive 

Code:
 #include<stdio.h>
        
        int main(void) {
            printf("%ld\n", (long)(sizeof(void *)));
            return 0;
        };
Compiler stdout:
 
Compiler stderr:
 
Program stdout:

8

Program stderr:


Running compile:
Working directory:  /home/cmy/rehosting/qemu5_rehosting/qemu5/build/meson-private/tmp4_wyfyy6
Command line:  c++ -m64 -mcx16 /home/cmy/rehosting/qemu5_rehosting/qemu5/build/meson-private/tmp4_wyfyy6/testfile.cpp -o /home/cmy/rehosting/qemu5_rehosting/qemu5/build/meson-private/tmp4_wyfyy6/output.obj -c -D_FILE_OFFSET_BITS=64 -O0 -fpermissive --print-search-dirs 

Code:
 
Compiler stdout:
 install: /usr/lib/gcc/x86_64-linux-gnu/9/
programs: =/usr/lib/gcc/x86_64-linux-gnu/9/:/usr/lib/gcc/x86_64-linux-gnu/9/:/usr/lib/gcc/x86_64-linux-gnu/:/usr/lib/gcc/x86_64-linux-gnu/9/:/usr/lib/gcc/x86_64-linux-gnu/:/usr/lib/gcc/x86_64-linux-gnu/9/../../../../x86_64-linux-gnu/bin/x86_64-linux-gnu/9/:/usr/lib/gcc/x86_64-linux-gnu/9/../../../../x86_64-linux-gnu/bin/x86_64-linux-gnu/:/usr/lib/gcc/x86_64-linux-gnu/9/../../../../x86_64-linux-gnu/bin/
libraries: =./x86_64-linux-gnu/9/:./x86_64-linux-gnu/:./../lib/:/usr/local/protobuf/lib/x86_64-linux-gnu/9/:/usr/local/protobuf/lib/x86_64-linux-gnu/:/usr/local/protobuf/lib/../lib/:/usr/local/protobuf/lib/x86_64-linux-gnu/9/:/usr/local/protobuf/lib/x86_64-linux-gnu/:/usr/local/protobuf/lib/../lib/:/usr/local/protobuf/lib/x86_64-linux-gnu/9/:/usr/local/protobuf/lib/x86_64-linux-gnu/:/usr/local/protobuf/lib/../lib/:/usr/local/protobuf/lib/x86_64-linux-gnu/9/:/usr/local/protobuf/lib/x86_64-linux-gnu/:/usr/local/protobuf/lib/../lib/:/usr/lib/gcc/x86_64-linux-gnu/9/:/usr/lib/gcc/x86_64-linux-gnu/9/../../../../x86_64-linux-gnu/lib/x86_64-linux-gnu/9/:/usr/lib/gcc/x86_64-linux-gnu/9/../../../../x86_64-linux-gnu/lib/x86_64-linux-gnu/:/usr/lib/gcc/x86_64-linux-gnu/9/../../../../x86_64-linux-gnu/lib/../lib/:/usr/lib/gcc/x86_64-linux-gnu/9/../../../x86_64-linux-gnu/9/:/usr/lib/gcc/x86_64-linux-gnu/9/../../../x86_64-linux-gnu/:/usr/lib/gcc/x86_64-linux-gnu/9/../../../../lib/:/lib/x86_64-linux-gnu/9/:/lib/x86_64-linux-gnu/:/lib/../lib/:/usr/lib/x86_64-linux-gnu/9/:/usr/lib/x86_64-linux-gnu/:/usr/lib/../lib/:./:/usr/local/protobuf/lib/:/usr/local/protobuf/lib/:/usr/local/protobuf/lib/:/usr/local/protobuf/lib/:/usr/lib/gcc/x86_64-linux-gnu/9/../../../../x86_64-linux-gnu/lib/:/usr/lib/gcc/x86_64-linux-gnu/9/../../../:/lib/:/usr/lib/

Compiler stderr:
 
Run-time dependency zlib found: YES 1.2.11
Running compile:
Working directory:  /home/cmy/rehosting/qemu5_rehosting/qemu5/build/meson-private/tmp0ijneoyu
Command line:  cc -m64 -mcx16 /home/cmy/rehosting/qemu5_rehosting/qemu5/build/meson-private/tmp0ijneoyu/testfile.c -o /home/cmy/rehosting/qemu5_rehosting/qemu5/build/meson-private/tmp0ijneoyu/output.exe -D_FILE_OFFSET_BITS=64 -O0 -std=gnu11 

Code:
 
  #include <stddef.h>
  #include <sys/types.h>
  #ifdef CONFIG_LIBATTR
  #include <attr/xattr.h>
  #else
  #include <sys/xattr.h>
  #endif
  int main(void) { getxattr(NULL, NULL, NULL, 0); setxattr(NULL, NULL, NULL, 0, 0); return 0; }
Compiler stdout:
 
Compiler stderr:
 
Run-time dependency appleframeworks found: NO (tried framework)
Running compile:
Working directory:  /home/cmy/rehosting/qemu5_rehosting/qemu5/build/meson-private/tmp9m_n3cc3
Command line:  cc -m64 -mcx16 /home/cmy/rehosting/qemu5_rehosting/qemu5/build/meson-private/tmp9m_n3cc3/testfile.c -o /home/cmy/rehosting/qemu5_rehosting/qemu5/build/meson-private/tmp9m_n3cc3/output.exe -D_FILE_OFFSET_BITS=64 -O0 -Wl,--start-group -lrt -Wl,--end-group -Wl,--allow-shlib-undefined 

Code:
 int main(void) { return 0; }

Compiler stdout:
 
Compiler stderr:
 
Library rt found: YES
Pkg-config binary for MachineChoice.HOST is cached.
Determining dependency 'libkeyutils' with pkg-config executable '/usr/bin/pkg-config'
env[PKG_CONFIG_PATH]: /usr/local/protobuf/lib/pkgconfig/
Called `/usr/bin/pkg-config --modversion libkeyutils` -> 1

Run-time dependency libkeyutils found: NO (tried pkgconfig)
Running compile:
Working directory:  /home/cmy/rehosting/qemu5_rehosting/qemu5/build/meson-private/tmpvmrdvrnk
Command line:  cc -m64 -mcx16 /home/cmy/rehosting/qemu5_rehosting/qemu5/build/meson-private/tmpvmrdvrnk/testfile.c -o /home/cmy/rehosting/qemu5_rehosting/qemu5/build/meson-private/tmpvmrdvrnk/output.exe -D_FILE_OFFSET_BITS=64 -O0 -std=gnu11 

Code:
 
        #define gettid meson_disable_define_of_gettid
        
        #include <limits.h>
        #undef gettid
        
        #ifdef __cplusplus
        extern "C"
        #endif
        char gettid (void);
        
        #if defined __stub_gettid || defined __stub___gettid
        fail fail fail this function is not going to work
        #endif
        
        int main(void) {
          return gettid ();
        }
Compiler stdout:
 
Compiler stderr:
 
Checking for function "gettid" : YES 
Running compile:
Working directory:  /home/cmy/rehosting/qemu5_rehosting/qemu5/build/meson-private/tmpmm28t4hz
Command line:  cc -m64 -mcx16 /home/cmy/rehosting/qemu5_rehosting/qemu5/build/meson-private/tmpmm28t4hz/testfile.c -o /home/cmy/rehosting/qemu5_rehosting/qemu5/build/meson-private/tmpmm28t4hz/output.exe -D_FILE_OFFSET_BITS=64 -O0 -std=gnu11 

Code:
 #include <malloc.h>
                int main(void) { malloc_trim(0); return 0; }
Compiler stdout:
 
Compiler stderr:
 
Running compile:
Working directory:  /home/cmy/rehosting/qemu5_rehosting/qemu5/build/meson-private/tmpl7qg3gpz
Command line:  cc -m64 -mcx16 /home/cmy/rehosting/qemu5_rehosting/qemu5/build/meson-private/tmpl7qg3gpz/testfile.c -o /home/cmy/rehosting/qemu5_rehosting/qemu5/build/meson-private/tmpl7qg3gpz/output.exe -D_FILE_OFFSET_BITS=64 -O0 -std=gnu11 

Code:
 
  #ifndef _GNU_SOURCE
  #define _GNU_SOURCE
  #endif

  #include <sys/stat.h>
  int main(void) {
    struct statx statxbuf;
    statx(0, "", 0, STATX_BASIC_STATS, &statxbuf);
    return 0;
  }
Compiler stdout:
 
Compiler stderr:
 
Pkg-config binary for MachineChoice.HOST is cached.
Determining dependency 'fuse3' with pkg-config executable '/usr/bin/pkg-config'
env[PKG_CONFIG_PATH]: /usr/local/protobuf/lib/pkgconfig/
Called `/usr/bin/pkg-config --modversion fuse3` -> 1

Run-time dependency fuse3 found: NO (tried pkgconfig)
Pkg-config binary for MachineChoice.HOST is cached.
Determining dependency 'libbpf' with pkg-config executable '/usr/bin/pkg-config'
env[PKG_CONFIG_PATH]: /usr/local/protobuf/lib/pkgconfig/
Called `/usr/bin/pkg-config --modversion libbpf` -> 1

Run-time dependency libbpf found: NO (tried pkgconfig)
Running compile:
Working directory:  /home/cmy/rehosting/qemu5_rehosting/qemu5/build/meson-private/tmp049_6h4h
Command line:  cc -m64 -mcx16 /home/cmy/rehosting/qemu5_rehosting/qemu5/build/meson-private/tmp049_6h4h/testfile.c -E -P -D_FILE_OFFSET_BITS=64 -P -O0 -std=gnu11 

Code:
 
        #ifdef __has_include
         #if !__has_include("sys/epoll.h")
          #error "Header 'sys/epoll.h' could not be found"
         #endif
        #else
         #include <sys/epoll.h>
        #endif
Compiler stdout:
 
Compiler stderr:
 
Has header "sys/epoll.h" : YES 
Running compile:
Working directory:  /home/cmy/rehosting/qemu5_rehosting/qemu5/build/meson-private/tmp8b1z019x
Command line:  cc -m64 -mcx16 /home/cmy/rehosting/qemu5_rehosting/qemu5/build/meson-private/tmp8b1z019x/testfile.c -E -P -D_FILE_OFFSET_BITS=64 -P -O0 -std=gnu11 

Code:
 
        #ifdef __has_include
         #if !__has_include("linux/magic.h")
          #error "Header 'linux/magic.h' could not be found"
         #endif
        #else
         #include <linux/magic.h>
        #endif
Compiler stdout:
 
Compiler stderr:
 
Has header "linux/magic.h" : YES 
Running compile:
Working directory:  /home/cmy/rehosting/qemu5_rehosting/qemu5/build/meson-private/tmp1t8pky1z
Command line:  cc -m64 -mcx16 /home/cmy/rehosting/qemu5_rehosting/qemu5/build/meson-private/tmp1t8pky1z/testfile.c -E -P -D_FILE_OFFSET_BITS=64 -P -O0 -std=gnu11 

Code:
 
        #ifdef __has_include
         #if !__has_include("valgrind/valgrind.h")
          #error "Header 'valgrind/valgrind.h' could not be found"
         #endif
        #else
         #include <valgrind/valgrind.h>
        #endif
Compiler stdout:
 
Compiler stderr:
 
Has header "valgrind/valgrind.h" : YES 
Running compile:
Working directory:  /home/cmy/rehosting/qemu5_rehosting/qemu5/build/meson-private/tmpkf_6arn_
Command line:  cc -m64 -mcx16 /home/cmy/rehosting/qemu5_rehosting/qemu5/build/meson-private/tmpkf_6arn_/testfile.c -E -P -D_FILE_OFFSET_BITS=64 -P -O0 -std=gnu11 

Code:
 
        #ifdef __has_include
         #if !__has_include("linux/btrfs.h")
          #error "Header 'linux/btrfs.h' could not be found"
         #endif
        #else
         #include <linux/btrfs.h>
        #endif
Compiler stdout:
 
Compiler stderr:
 
Has header "linux/btrfs.h" : YES 
Running compile:
Working directory:  /home/cmy/rehosting/qemu5_rehosting/qemu5/build/meson-private/tmp1k2y8g5m
Command line:  cc -m64 -mcx16 /home/cmy/rehosting/qemu5_rehosting/qemu5/build/meson-private/tmp1k2y8g5m/testfile.c -E -P -D_FILE_OFFSET_BITS=64 -P -O0 -std=gnu11 

Code:
 
        #ifdef __has_include
         #if !__has_include("libdrm/drm.h")
          #error "Header 'libdrm/drm.h' could not be found"
         #endif
        #else
         #include <libdrm/drm.h>
        #endif
Compiler stdout:
 
Compiler stderr:
 /home/cmy/rehosting/qemu5_rehosting/qemu5/build/meson-private/tmp1k2y8g5m/testfile.c:4:12: error: #error "Header 'libdrm/drm.h' could not be found"
    4 |           #error "Header 'libdrm/drm.h' could not be found"
      |            ^~~~~

Has header "libdrm/drm.h" : NO 
Running compile:
Working directory:  /home/cmy/rehosting/qemu5_rehosting/qemu5/build/meson-private/tmpyp4k8da7
Command line:  cc -m64 -mcx16 /home/cmy/rehosting/qemu5_rehosting/qemu5/build/meson-private/tmpyp4k8da7/testfile.c -E -P -D_FILE_OFFSET_BITS=64 -P -O0 -std=gnu11 

Code:
 
        #ifdef __has_include
         #if !__has_include("pty.h")
          #error "Header 'pty.h' could not be found"
         #endif
        #else
         #include <pty.h>
        #endif
Compiler stdout:
 
Compiler stderr:
 
Has header "pty.h" : YES 
Running compile:
Working directory:  /home/cmy/rehosting/qemu5_rehosting/qemu5/build/meson-private/tmpiao3rlj0
Command line:  cc -m64 -mcx16 /home/cmy/rehosting/qemu5_rehosting/qemu5/build/meson-private/tmpiao3rlj0/testfile.c -E -P -D_FILE_OFFSET_BITS=64 -P -O0 -std=gnu11 

Code:
 
        #ifdef __has_include
         #if !__has_include("sys/disk.h")
          #error "Header 'sys/disk.h' could not be found"
         #endif
        #else
         #include <sys/disk.h>
        #endif
Compiler stdout:
 
Compiler stderr:
 /home/cmy/rehosting/qemu5_rehosting/qemu5/build/meson-private/tmpiao3rlj0/testfile.c:4:12: error: #error "Header 'sys/disk.h' could not be found"
    4 |           #error "Header 'sys/disk.h' could not be found"
      |            ^~~~~

Has header "sys/disk.h" : NO 
Running compile:
Working directory:  /home/cmy/rehosting/qemu5_rehosting/qemu5/build/meson-private/tmpmrkeryhj
Command line:  cc -m64 -mcx16 /home/cmy/rehosting/qemu5_rehosting/qemu5/build/meson-private/tmpmrkeryhj/testfile.c -E -P -D_FILE_OFFSET_BITS=64 -P -O0 -std=gnu11 

Code:
 
        #ifdef __has_include
         #if !__has_include("sys/ioccom.h")
          #error "Header 'sys/ioccom.h' could not be found"
         #endif
        #else
         #include <sys/ioccom.h>
        #endif
Compiler stdout:
 
Compiler stderr:
 /home/cmy/rehosting/qemu5_rehosting/qemu5/build/meson-private/tmpmrkeryhj/testfile.c:4:12: error: #error "Header 'sys/ioccom.h' could not be found"
    4 |           #error "Header 'sys/ioccom.h' could not be found"
      |            ^~~~~

Has header "sys/ioccom.h" : NO 
Running compile:
Working directory:  /home/cmy/rehosting/qemu5_rehosting/qemu5/build/meson-private/tmp_x3j_sb7
Command line:  cc -m64 -mcx16 /home/cmy/rehosting/qemu5_rehosting/qemu5/build/meson-private/tmp_x3j_sb7/testfile.c -E -P -D_FILE_OFFSET_BITS=64 -P -O0 -std=gnu11 

Code:
 
        #ifdef __has_include
         #if !__has_include("sys/kcov.h")
          #error "Header 'sys/kcov.h' could not be found"
         #endif
        #else
         #include <sys/kcov.h>
        #endif
Compiler stdout:
 
Compiler stderr:
 /home/cmy/rehosting/qemu5_rehosting/qemu5/build/meson-private/tmp_x3j_sb7/testfile.c:4:12: error: #error "Header 'sys/kcov.h' could not be found"
    4 |           #error "Header 'sys/kcov.h' could not be found"
      |            ^~~~~

Has header "sys/kcov.h" : NO 
Running compile:
Working directory:  /home/cmy/rehosting/qemu5_rehosting/qemu5/build/meson-private/tmpvj8bxpvy
Command line:  cc -m64 -mcx16 /home/cmy/rehosting/qemu5_rehosting/qemu5/build/meson-private/tmpvj8bxpvy/testfile.c -o /home/cmy/rehosting/qemu5_rehosting/qemu5/build/meson-private/tmpvj8bxpvy/output.exe -D_FILE_OFFSET_BITS=64 -O0 -std=gnu11 

Code:
 
        #define accept4 meson_disable_define_of_accept4
        
        #include <limits.h>
        #undef accept4
        
        #ifdef __cplusplus
        extern "C"
        #endif
        char accept4 (void);
        
        #if defined __stub_accept4 || defined __stub___accept4
        fail fail fail this function is not going to work
        #endif
        
        int main(void) {
          return accept4 ();
        }
Compiler stdout:
 
Compiler stderr:
 
Checking for function "accept4" : YES 
Running compile:
Working directory:  /home/cmy/rehosting/qemu5_rehosting/qemu5/build/meson-private/tmphdb0m8fo
Command line:  cc -m64 -mcx16 /home/cmy/rehosting/qemu5_rehosting/qemu5/build/meson-private/tmphdb0m8fo/testfile.c -o /home/cmy/rehosting/qemu5_rehosting/qemu5/build/meson-private/tmphdb0m8fo/output.exe -D_FILE_OFFSET_BITS=64 -O0 -std=gnu11 

Code:
 
        #define clock_adjtime meson_disable_define_of_clock_adjtime
        
        #include <limits.h>
        #undef clock_adjtime
        
        #ifdef __cplusplus
        extern "C"
        #endif
        char clock_adjtime (void);
        
        #if defined __stub_clock_adjtime || defined __stub___clock_adjtime
        fail fail fail this function is not going to work
        #endif
        
        int main(void) {
          return clock_adjtime ();
        }
Compiler stdout:
 
Compiler stderr:
 
Checking for function "clock_adjtime" : YES 
Running compile:
Working directory:  /home/cmy/rehosting/qemu5_rehosting/qemu5/build/meson-private/tmp_8euvt65
Command line:  cc -m64 -mcx16 /home/cmy/rehosting/qemu5_rehosting/qemu5/build/meson-private/tmp_8euvt65/testfile.c -o /home/cmy/rehosting/qemu5_rehosting/qemu5/build/meson-private/tmp_8euvt65/output.exe -D_FILE_OFFSET_BITS=64 -O0 -std=gnu11 

Code:
 
        #define dup3 meson_disable_define_of_dup3
        
        #include <limits.h>
        #undef dup3
        
        #ifdef __cplusplus
        extern "C"
        #endif
        char dup3 (void);
        
        #if defined __stub_dup3 || defined __stub___dup3
        fail fail fail this function is not going to work
        #endif
        
        int main(void) {
          return dup3 ();
        }
Compiler stdout:
 
Compiler stderr:
 
Checking for function "dup3" : YES 
Running compile:
Working directory:  /home/cmy/rehosting/qemu5_rehosting/qemu5/build/meson-private/tmplv8sy_14
Command line:  cc -m64 -mcx16 /home/cmy/rehosting/qemu5_rehosting/qemu5/build/meson-private/tmplv8sy_14/testfile.c -o /home/cmy/rehosting/qemu5_rehosting/qemu5/build/meson-private/tmplv8sy_14/output.exe -D_FILE_OFFSET_BITS=64 -O0 -std=gnu11 

Code:
 
        #define fallocate meson_disable_define_of_fallocate
        
        #include <limits.h>
        #undef fallocate
        
        #ifdef __cplusplus
        extern "C"
        #endif
        char fallocate (void);
        
        #if defined __stub_fallocate || defined __stub___fallocate
        fail fail fail this function is not going to work
        #endif
        
        int main(void) {
          return fallocate ();
        }
Compiler stdout:
 
Compiler stderr:
 
Checking for function "fallocate" : YES 
Running compile:
Working directory:  /home/cmy/rehosting/qemu5_rehosting/qemu5/build/meson-private/tmp3cyp0rym
Command line:  cc -m64 -mcx16 /home/cmy/rehosting/qemu5_rehosting/qemu5/build/meson-private/tmp3cyp0rym/testfile.c -o /home/cmy/rehosting/qemu5_rehosting/qemu5/build/meson-private/tmp3cyp0rym/output.exe -D_FILE_OFFSET_BITS=64 -O0 -std=gnu11 

Code:
 
        #define posix_fallocate meson_disable_define_of_posix_fallocate
        
        #include <limits.h>
        #undef posix_fallocate
        
        #ifdef __cplusplus
        extern "C"
        #endif
        char posix_fallocate (void);
        
        #if defined __stub_posix_fallocate || defined __stub___posix_fallocate
        fail fail fail this function is not going to work
        #endif
        
        int main(void) {
          return posix_fallocate ();
        }
Compiler stdout:
 
Compiler stderr:
 
Checking for function "posix_fallocate" : YES 
Running compile:
Working directory:  /home/cmy/rehosting/qemu5_rehosting/qemu5/build/meson-private/tmpe96x93bw
Command line:  cc -m64 -mcx16 /home/cmy/rehosting/qemu5_rehosting/qemu5/build/meson-private/tmpe96x93bw/testfile.c -o /home/cmy/rehosting/qemu5_rehosting/qemu5/build/meson-private/tmpe96x93bw/output.exe -D_FILE_OFFSET_BITS=64 -O0 -std=gnu11 

Code:
 
        #define posix_memalign meson_disable_define_of_posix_memalign
        
        #include <limits.h>
        #undef posix_memalign
        
        #ifdef __cplusplus
        extern "C"
        #endif
        char posix_memalign (void);
        
        #if defined __stub_posix_memalign || defined __stub___posix_memalign
        fail fail fail this function is not going to work
        #endif
        
        int main(void) {
          return posix_memalign ();
        }
Compiler stdout:
 
Compiler stderr:
 /home/cmy/rehosting/qemu5_rehosting/qemu5/build/meson-private/tmpe96x93bw/testfile.c:10:14: warning: conflicting types for built-in function 'posix_memalign'; expected 'int(void **, long unsigned int,  long unsigned int)' [-Wbuiltin-declaration-mismatch]
   10 |         char posix_memalign (void);
      |              ^~~~~~~~~~~~~~

Checking for function "posix_memalign" : YES 
Running compile:
Working directory:  /home/cmy/rehosting/qemu5_rehosting/qemu5/build/meson-private/tmpw0zpp_t_
Command line:  cc -m64 -mcx16 /home/cmy/rehosting/qemu5_rehosting/qemu5/build/meson-private/tmpw0zpp_t_/testfile.c -o /home/cmy/rehosting/qemu5_rehosting/qemu5/build/meson-private/tmpw0zpp_t_/output.exe -D_FILE_OFFSET_BITS=64 -O0 -std=gnu11 

Code:
 
        #define ppoll meson_disable_define_of_ppoll
        
        #include <limits.h>
        #undef ppoll
        
        #ifdef __cplusplus
        extern "C"
        #endif
        char ppoll (void);
        
        #if defined __stub_ppoll || defined __stub___ppoll
        fail fail fail this function is not going to work
        #endif
        
        int main(void) {
          return ppoll ();
        }
Compiler stdout:
 
Compiler stderr:
 
Checking for function "ppoll" : YES 
Running compile:
Working directory:  /home/cmy/rehosting/qemu5_rehosting/qemu5/build/meson-private/tmptd172hd6
Command line:  cc -m64 -mcx16 /home/cmy/rehosting/qemu5_rehosting/qemu5/build/meson-private/tmptd172hd6/testfile.c -o /home/cmy/rehosting/qemu5_rehosting/qemu5/build/meson-private/tmptd172hd6/output.exe -D_FILE_OFFSET_BITS=64 -O0 -std=gnu11 

Code:
 #include <sys/uio.h>
#include <limits.h>

        #if defined __stub_preadv || defined __stub___preadv
        fail fail fail this function is not going to work
        #endif
        
int main(void) {
            void *a = (void*) &preadv;
            long long b = (long long) a;
            return (int) b;
        }
Compiler stdout:
 
Compiler stderr:
 
Checking for function "preadv" : YES 
Running compile:
Working directory:  /home/cmy/rehosting/qemu5_rehosting/qemu5/build/meson-private/tmpvw5te7u7
Command line:  cc -m64 -mcx16 /home/cmy/rehosting/qemu5_rehosting/qemu5/build/meson-private/tmpvw5te7u7/testfile.c -o /home/cmy/rehosting/qemu5_rehosting/qemu5/build/meson-private/tmpvw5te7u7/output.exe -pthread -D_FILE_OFFSET_BITS=64 -O0 -std=gnu11 

Code:
 
        #define sem_timedwait meson_disable_define_of_sem_timedwait
        
        #include <limits.h>
        #undef sem_timedwait
        
        #ifdef __cplusplus
        extern "C"
        #endif
        char sem_timedwait (void);
        
        #if defined __stub_sem_timedwait || defined __stub___sem_timedwait
        fail fail fail this function is not going to work
        #endif
        
        int main(void) {
          return sem_timedwait ();
        }
Compiler stdout:
 
Compiler stderr:
 
Checking for function "sem_timedwait" with dependency threads: YES 
Running compile:
Working directory:  /home/cmy/rehosting/qemu5_rehosting/qemu5/build/meson-private/tmp0s5rw9jj
Command line:  cc -m64 -mcx16 /home/cmy/rehosting/qemu5_rehosting/qemu5/build/meson-private/tmp0s5rw9jj/testfile.c -o /home/cmy/rehosting/qemu5_rehosting/qemu5/build/meson-private/tmp0s5rw9jj/output.exe -D_FILE_OFFSET_BITS=64 -O0 -std=gnu11 

Code:
 
        #define sendfile meson_disable_define_of_sendfile
        
        #include <limits.h>
        #undef sendfile
        
        #ifdef __cplusplus
        extern "C"
        #endif
        char sendfile (void);
        
        #if defined __stub_sendfile || defined __stub___sendfile
        fail fail fail this function is not going to work
        #endif
        
        int main(void) {
          return sendfile ();
        }
Compiler stdout:
 
Compiler stderr:
 
Checking for function "sendfile" : YES 
Running compile:
Working directory:  /home/cmy/rehosting/qemu5_rehosting/qemu5/build/meson-private/tmpvv07xu7p
Command line:  cc -m64 -mcx16 /home/cmy/rehosting/qemu5_rehosting/qemu5/build/meson-private/tmpvv07xu7p/testfile.c -o /home/cmy/rehosting/qemu5_rehosting/qemu5/build/meson-private/tmpvv07xu7p/output.exe -D_FILE_OFFSET_BITS=64 -O0 -std=gnu11 

Code:
 
        #define setns meson_disable_define_of_setns
        
        #include <limits.h>
        #undef setns
        
        #ifdef __cplusplus
        extern "C"
        #endif
        char setns (void);
        
        #if defined __stub_setns || defined __stub___setns
        fail fail fail this function is not going to work
        #endif
        
        int main(void) {
          return setns ();
        }
Compiler stdout:
 
Compiler stderr:
 
Checking for function "setns" : YES 
Running compile:
Working directory:  /home/cmy/rehosting/qemu5_rehosting/qemu5/build/meson-private/tmpumzcdadt
Command line:  cc -m64 -mcx16 /home/cmy/rehosting/qemu5_rehosting/qemu5/build/meson-private/tmpumzcdadt/testfile.c -o /home/cmy/rehosting/qemu5_rehosting/qemu5/build/meson-private/tmpumzcdadt/output.exe -D_FILE_OFFSET_BITS=64 -O0 -std=gnu11 

Code:
 
        #define unshare meson_disable_define_of_unshare
        
        #include <limits.h>
        #undef unshare
        
        #ifdef __cplusplus
        extern "C"
        #endif
        char unshare (void);
        
        #if defined __stub_unshare || defined __stub___unshare
        fail fail fail this function is not going to work
        #endif
        
        int main(void) {
          return unshare ();
        }
Compiler stdout:
 
Compiler stderr:
 
Checking for function "unshare" : YES 
Running compile:
Working directory:  /home/cmy/rehosting/qemu5_rehosting/qemu5/build/meson-private/tmpkfnmgle8
Command line:  cc -m64 -mcx16 /home/cmy/rehosting/qemu5_rehosting/qemu5/build/meson-private/tmpkfnmgle8/testfile.c -o /home/cmy/rehosting/qemu5_rehosting/qemu5/build/meson-private/tmpkfnmgle8/output.exe -D_FILE_OFFSET_BITS=64 -O0 -std=gnu11 

Code:
 
        #define syncfs meson_disable_define_of_syncfs
        
        #include <limits.h>
        #undef syncfs
        
        #ifdef __cplusplus
        extern "C"
        #endif
        char syncfs (void);
        
        #if defined __stub_syncfs || defined __stub___syncfs
        fail fail fail this function is not going to work
        #endif
        
        int main(void) {
          return syncfs ();
        }
Compiler stdout:
 
Compiler stderr:
 
Checking for function "syncfs" : YES 
Running compile:
Working directory:  /home/cmy/rehosting/qemu5_rehosting/qemu5/build/meson-private/tmpqzkl1dm1
Command line:  cc -m64 -mcx16 /home/cmy/rehosting/qemu5_rehosting/qemu5/build/meson-private/tmpqzkl1dm1/testfile.c -o /home/cmy/rehosting/qemu5_rehosting/qemu5/build/meson-private/tmpqzkl1dm1/output.exe -D_FILE_OFFSET_BITS=64 -O0 -std=gnu11 

Code:
 
        #define sync_file_range meson_disable_define_of_sync_file_range
        
        #include <limits.h>
        #undef sync_file_range
        
        #ifdef __cplusplus
        extern "C"
        #endif
        char sync_file_range (void);
        
        #if defined __stub_sync_file_range || defined __stub___sync_file_range
        fail fail fail this function is not going to work
        #endif
        
        int main(void) {
          return sync_file_range ();
        }
Compiler stdout:
 
Compiler stderr:
 
Checking for function "sync_file_range" : YES 
Running compile:
Working directory:  /home/cmy/rehosting/qemu5_rehosting/qemu5/build/meson-private/tmp3q2z19oc
Command line:  cc -m64 -mcx16 /home/cmy/rehosting/qemu5_rehosting/qemu5/build/meson-private/tmp3q2z19oc/testfile.c -o /home/cmy/rehosting/qemu5_rehosting/qemu5/build/meson-private/tmp3q2z19oc/output.exe -D_FILE_OFFSET_BITS=64 -O0 -std=gnu11 

Code:
 
        #define timerfd_create meson_disable_define_of_timerfd_create
        
        #include <limits.h>
        #undef timerfd_create
        
        #ifdef __cplusplus
        extern "C"
        #endif
        char timerfd_create (void);
        
        #if defined __stub_timerfd_create || defined __stub___timerfd_create
        fail fail fail this function is not going to work
        #endif
        
        int main(void) {
          return timerfd_create ();
        }
Compiler stdout:
 
Compiler stderr:
 
Checking for function "timerfd_create" : YES 
Running compile:
Working directory:  /home/cmy/rehosting/qemu5_rehosting/qemu5/build/meson-private/tmp0c6zlc3r
Command line:  cc -m64 -mcx16 /home/cmy/rehosting/qemu5_rehosting/qemu5/build/meson-private/tmp0c6zlc3r/testfile.c -o /home/cmy/rehosting/qemu5_rehosting/qemu5/build/meson-private/tmp0c6zlc3r/output.exe -D_FILE_OFFSET_BITS=64 -O0 -std=gnu11 

Code:
 
        #define copy_file_range meson_disable_define_of_copy_file_range
        
        #include <limits.h>
        #undef copy_file_range
        
        #ifdef __cplusplus
        extern "C"
        #endif
        char copy_file_range (void);
        
        #if defined __stub_copy_file_range || defined __stub___copy_file_range
        fail fail fail this function is not going to work
        #endif
        
        int main(void) {
          return copy_file_range ();
        }
Compiler stdout:
 
Compiler stderr:
 
Checking for function "copy_file_range" : YES 
Running compile:
Working directory:  /home/cmy/rehosting/qemu5_rehosting/qemu5/build/meson-private/tmpz9ghphrl
Command line:  cc -m64 -mcx16 /home/cmy/rehosting/qemu5_rehosting/qemu5/build/meson-private/tmpz9ghphrl/testfile.c -o /home/cmy/rehosting/qemu5_rehosting/qemu5/build/meson-private/tmpz9ghphrl/output.exe -D_FILE_OFFSET_BITS=64 -O0 -std=gnu11 -Wl,--start-group -lutil -Wl,--end-group 

Code:
 
        #define openpty meson_disable_define_of_openpty
        
        #include <limits.h>
        #undef openpty
        
        #ifdef __cplusplus
        extern "C"
        #endif
        char openpty (void);
        
        #if defined __stub_openpty || defined __stub___openpty
        fail fail fail this function is not going to work
        #endif
        
        int main(void) {
          return openpty ();
        }
Compiler stdout:
 
Compiler stderr:
 
Checking for function "openpty" with dependency -lutil: YES 
Running compile:
Working directory:  /home/cmy/rehosting/qemu5_rehosting/qemu5/build/meson-private/tmpz3k2pkqz
Command line:  cc -m64 -mcx16 /home/cmy/rehosting/qemu5_rehosting/qemu5/build/meson-private/tmpz3k2pkqz/testfile.c -o /home/cmy/rehosting/qemu5_rehosting/qemu5/build/meson-private/tmpz3k2pkqz/output.exe -D_FILE_OFFSET_BITS=64 -O0 -std=gnu11 

Code:
 
        #define strchrnul meson_disable_define_of_strchrnul
        
        #include <limits.h>
        #undef strchrnul
        
        #ifdef __cplusplus
        extern "C"
        #endif
        char strchrnul (void);
        
        #if defined __stub_strchrnul || defined __stub___strchrnul
        fail fail fail this function is not going to work
        #endif
        
        int main(void) {
          return strchrnul ();
        }
Compiler stdout:
 
Compiler stderr:
 
Checking for function "strchrnul" : YES 
Running compile:
Working directory:  /home/cmy/rehosting/qemu5_rehosting/qemu5/build/meson-private/tmp_w2hmy8l
Command line:  cc -m64 -mcx16 /home/cmy/rehosting/qemu5_rehosting/qemu5/build/meson-private/tmp_w2hmy8l/testfile.c -o /home/cmy/rehosting/qemu5_rehosting/qemu5/build/meson-private/tmp_w2hmy8l/output.exe -D_FILE_OFFSET_BITS=64 -O0 -std=gnu11 

Code:
 #include <stdlib.h>
#include <limits.h>

        #if defined __stub_system || defined __stub___system
        fail fail fail this function is not going to work
        #endif
        
int main(void) {
            void *a = (void*) &system;
            long long b = (long long) a;
            return (int) b;
        }
Compiler stdout:
 
Compiler stderr:
 
Checking for function "system" : YES 
Running compile:
Working directory:  /home/cmy/rehosting/qemu5_rehosting/qemu5/build/meson-private/tmpkdq3kw_f
Command line:  cc -m64 -mcx16 /home/cmy/rehosting/qemu5_rehosting/qemu5/build/meson-private/tmpkdq3kw_f/testfile.c -o /home/cmy/rehosting/qemu5_rehosting/qemu5/build/meson-private/tmpkdq3kw_f/output.obj -c -D_FILE_OFFSET_BITS=64 -O0 -std=gnu11 

Code:
 
        #include <byteswap.h>
        int main(void) {
            /* If it's not defined as a macro, try to use as a symbol */
            #ifndef bswap_32
                bswap_32;
            #endif
            return 0;
        }
Compiler stdout:
 
Compiler stderr:
 
Header <byteswap.h> has symbol "bswap_32" : YES 
Running compile:
Working directory:  /home/cmy/rehosting/qemu5_rehosting/qemu5/build/meson-private/tmpordd7gp6
Command line:  cc -m64 -mcx16 /home/cmy/rehosting/qemu5_rehosting/qemu5/build/meson-private/tmpordd7gp6/testfile.c -o /home/cmy/rehosting/qemu5_rehosting/qemu5/build/meson-private/tmpordd7gp6/output.obj -c -D_FILE_OFFSET_BITS=64 -O0 -std=gnu11 

Code:
 
        #include <sys/epoll.h>
        int main(void) {
            /* If it's not defined as a macro, try to use as a symbol */
            #ifndef epoll_create1
                epoll_create1;
            #endif
            return 0;
        }
Compiler stdout:
 
Compiler stderr:
 
Header <sys/epoll.h> has symbol "epoll_create1" : YES 
Running compile:
Working directory:  /home/cmy/rehosting/qemu5_rehosting/qemu5/build/meson-private/tmpdnukl729
Command line:  cc -m64 -mcx16 /home/cmy/rehosting/qemu5_rehosting/qemu5/build/meson-private/tmpdnukl729/testfile.c -o /home/cmy/rehosting/qemu5_rehosting/qemu5/build/meson-private/tmpdnukl729/output.obj -c -D_FILE_OFFSET_BITS=64 -O0 -std=gnu11 

Code:
 
  #ifndef _GNU_SOURCE
  #define _GNU_SOURCE
  #endif

        #include <unistd.h>
        int main(void) {
            /* If it's not defined as a macro, try to use as a symbol */
            #ifndef environ
                environ;
            #endif
            return 0;
        }
Compiler stdout:
 
Compiler stderr:
 
Header <unistd.h> has symbol "environ" : YES 
Running compile:
Working directory:  /home/cmy/rehosting/qemu5_rehosting/qemu5/build/meson-private/tmp8rnbbh6t
Command line:  cc -m64 -mcx16 /home/cmy/rehosting/qemu5_rehosting/qemu5/build/meson-private/tmp8rnbbh6t/testfile.c -o /home/cmy/rehosting/qemu5_rehosting/qemu5/build/meson-private/tmp8rnbbh6t/output.obj -c -D_FILE_OFFSET_BITS=64 -O0 -std=gnu11 

Code:
 
        #include <linux/falloc.h>
        int main(void) {
            /* If it's not defined as a macro, try to use as a symbol */
            #ifndef FALLOC_FL_PUNCH_HOLE
                FALLOC_FL_PUNCH_HOLE;
            #endif
            return 0;
        }
Compiler stdout:
 
Compiler stderr:
 
Header <linux/falloc.h> has symbol "FALLOC_FL_PUNCH_HOLE" : YES 
Running compile:
Working directory:  /home/cmy/rehosting/qemu5_rehosting/qemu5/build/meson-private/tmpqjbxgbag
Command line:  cc -m64 -mcx16 /home/cmy/rehosting/qemu5_rehosting/qemu5/build/meson-private/tmpqjbxgbag/testfile.c -o /home/cmy/rehosting/qemu5_rehosting/qemu5/build/meson-private/tmpqjbxgbag/output.obj -c -D_FILE_OFFSET_BITS=64 -O0 -std=gnu11 

Code:
 
        #include <linux/falloc.h>
        int main(void) {
            /* If it's not defined as a macro, try to use as a symbol */
            #ifndef FALLOC_FL_KEEP_SIZE
                FALLOC_FL_KEEP_SIZE;
            #endif
            return 0;
        }
Compiler stdout:
 
Compiler stderr:
 
Header <linux/falloc.h> has symbol "FALLOC_FL_KEEP_SIZE" : YES 
Running compile:
Working directory:  /home/cmy/rehosting/qemu5_rehosting/qemu5/build/meson-private/tmpt93lxgod
Command line:  cc -m64 -mcx16 /home/cmy/rehosting/qemu5_rehosting/qemu5/build/meson-private/tmpt93lxgod/testfile.c -o /home/cmy/rehosting/qemu5_rehosting/qemu5/build/meson-private/tmpt93lxgod/output.obj -c -D_FILE_OFFSET_BITS=64 -O0 -std=gnu11 

Code:
 
        #include <linux/falloc.h>
        int main(void) {
            /* If it's not defined as a macro, try to use as a symbol */
            #ifndef FALLOC_FL_ZERO_RANGE
                FALLOC_FL_ZERO_RANGE;
            #endif
            return 0;
        }
Compiler stdout:
 
Compiler stderr:
 
Header <linux/falloc.h> has symbol "FALLOC_FL_ZERO_RANGE" : YES 
Running compile:
Working directory:  /home/cmy/rehosting/qemu5_rehosting/qemu5/build/meson-private/tmpo832qjr2
Command line:  cc -m64 -mcx16 /home/cmy/rehosting/qemu5_rehosting/qemu5/build/meson-private/tmpo832qjr2/testfile.c -E -P -D_FILE_OFFSET_BITS=64 -P -O0 -std=gnu11 

Code:
 
        #ifdef __has_include
         #if !__has_include("linux/fiemap.h")
          #error "Header 'linux/fiemap.h' could not be found"
         #endif
        #else
         #include <linux/fiemap.h>
        #endif
Compiler stdout:
 
Compiler stderr:
 
Has header "linux/fiemap.h" : YES 
Running compile:
Working directory:  /home/cmy/rehosting/qemu5_rehosting/qemu5/build/meson-private/tmpvt8dpigf
Command line:  cc -m64 -mcx16 /home/cmy/rehosting/qemu5_rehosting/qemu5/build/meson-private/tmpvt8dpigf/testfile.c -o /home/cmy/rehosting/qemu5_rehosting/qemu5/build/meson-private/tmpvt8dpigf/output.obj -c -D_FILE_OFFSET_BITS=64 -O0 -std=gnu11 

Code:
 
        #include <linux/fs.h>
        int main(void) {
            /* If it's not defined as a macro, try to use as a symbol */
            #ifndef FS_IOC_FIEMAP
                FS_IOC_FIEMAP;
            #endif
            return 0;
        }
Compiler stdout:
 
Compiler stderr:
 
Header <linux/fs.h> has symbol "FS_IOC_FIEMAP" : YES 
Running compile:
Working directory:  /home/cmy/rehosting/qemu5_rehosting/qemu5/build/meson-private/tmp2i6z_xh1
Command line:  cc -m64 -mcx16 /home/cmy/rehosting/qemu5_rehosting/qemu5/build/meson-private/tmp2i6z_xh1/testfile.c -o /home/cmy/rehosting/qemu5_rehosting/qemu5/build/meson-private/tmp2i6z_xh1/output.exe -D_FILE_OFFSET_BITS=64 -O0 -std=gnu11 

Code:
 
        #define getrandom meson_disable_define_of_getrandom
        
        #include <limits.h>
        #undef getrandom
        
        #ifdef __cplusplus
        extern "C"
        #endif
        char getrandom (void);
        
        #if defined __stub_getrandom || defined __stub___getrandom
        fail fail fail this function is not going to work
        #endif
        
        int main(void) {
          return getrandom ();
        }
Compiler stdout:
 
Compiler stderr:
 
Checking for function "getrandom" : YES 
Running compile:
Working directory:  /home/cmy/rehosting/qemu5_rehosting/qemu5/build/meson-private/tmplclbmrhy
Command line:  cc -m64 -mcx16 /home/cmy/rehosting/qemu5_rehosting/qemu5/build/meson-private/tmplclbmrhy/testfile.c -o /home/cmy/rehosting/qemu5_rehosting/qemu5/build/meson-private/tmplclbmrhy/output.obj -c -D_FILE_OFFSET_BITS=64 -O0 -std=gnu11 

Code:
 
        #include <sys/random.h>
        int main(void) {
            /* If it's not defined as a macro, try to use as a symbol */
            #ifndef GRND_NONBLOCK
                GRND_NONBLOCK;
            #endif
            return 0;
        }
Compiler stdout:
 
Compiler stderr:
 
Header <sys/random.h> has symbol "GRND_NONBLOCK" : YES 
Running compile:
Working directory:  /home/cmy/rehosting/qemu5_rehosting/qemu5/build/meson-private/tmpt2cqk06g
Command line:  cc -m64 -mcx16 /home/cmy/rehosting/qemu5_rehosting/qemu5/build/meson-private/tmpt2cqk06g/testfile.c -o /home/cmy/rehosting/qemu5_rehosting/qemu5/build/meson-private/tmpt2cqk06g/output.obj -c -D_FILE_OFFSET_BITS=64 -O0 -std=gnu11 

Code:
 
        #include <sys/inotify.h>
        int main(void) {
            /* If it's not defined as a macro, try to use as a symbol */
            #ifndef inotify_init
                inotify_init;
            #endif
            return 0;
        }
Compiler stdout:
 
Compiler stderr:
 
Header <sys/inotify.h> has symbol "inotify_init" : YES 
Running compile:
Working directory:  /home/cmy/rehosting/qemu5_rehosting/qemu5/build/meson-private/tmpxw8p3bvz
Command line:  cc -m64 -mcx16 /home/cmy/rehosting/qemu5_rehosting/qemu5/build/meson-private/tmpxw8p3bvz/testfile.c -o /home/cmy/rehosting/qemu5_rehosting/qemu5/build/meson-private/tmpxw8p3bvz/output.obj -c -D_FILE_OFFSET_BITS=64 -O0 -std=gnu11 

Code:
 
        #include <sys/inotify.h>
        int main(void) {
            /* If it's not defined as a macro, try to use as a symbol */
            #ifndef inotify_init1
                inotify_init1;
            #endif
            return 0;
        }
Compiler stdout:
 
Compiler stderr:
 
Header <sys/inotify.h> has symbol "inotify_init1" : YES 
Running compile:
Working directory:  /home/cmy/rehosting/qemu5_rehosting/qemu5/build/meson-private/tmplwn7ltl0
Command line:  cc -m64 -mcx16 /home/cmy/rehosting/qemu5_rehosting/qemu5/build/meson-private/tmplwn7ltl0/testfile.c -o /home/cmy/rehosting/qemu5_rehosting/qemu5/build/meson-private/tmplwn7ltl0/output.obj -c -D_FILE_OFFSET_BITS=64 -O0 -std=gnu11 

Code:
 
        #include <sys/uio.h>
        int main(void) {
            /* If it's not defined as a macro, try to use as a symbol */
            #ifndef struct iovec
                struct iovec;
            #endif
            return 0;
        }
Compiler stdout:
 
Compiler stderr:
 /home/cmy/rehosting/qemu5_rehosting/qemu5/build/meson-private/tmplwn7ltl0/testfile.c: In function 'main':
/home/cmy/rehosting/qemu5_rehosting/qemu5/build/meson-private/tmplwn7ltl0/testfile.c:5:28: warning: extra tokens at end of #ifndef directive
    5 |             #ifndef struct iovec
      |                            ^~~~~

Header <sys/uio.h> has symbol "struct iovec" : YES 
Running compile:
Working directory:  /home/cmy/rehosting/qemu5_rehosting/qemu5/build/meson-private/tmp905odrgy
Command line:  cc -m64 -mcx16 /home/cmy/rehosting/qemu5_rehosting/qemu5/build/meson-private/tmp905odrgy/testfile.c -o /home/cmy/rehosting/qemu5_rehosting/qemu5/build/meson-private/tmp905odrgy/output.obj -c -D_FILE_OFFSET_BITS=64 -O0 -std=gnu11 

Code:
 #include <sys/endian.h>
                                                     #include <sys/types.h>
        #include <machine/bswap.h>
        int main(void) {
            /* If it's not defined as a macro, try to use as a symbol */
            #ifndef bswap32
                bswap32;
            #endif
            return 0;
        }
Compiler stdout:
 
Compiler stderr:
 /home/cmy/rehosting/qemu5_rehosting/qemu5/build/meson-private/tmp905odrgy/testfile.c:1:10: fatal error: sys/endian.h: No such file or directory
    1 | #include <sys/endian.h>
      |          ^~~~~~~~~~~~~~
compilation terminated.

Header <machine/bswap.h> has symbol "bswap32" : NO 
Running compile:
Working directory:  /home/cmy/rehosting/qemu5_rehosting/qemu5/build/meson-private/tmppbiu6zgy
Command line:  cc -m64 -mcx16 /home/cmy/rehosting/qemu5_rehosting/qemu5/build/meson-private/tmppbiu6zgy/testfile.c -o /home/cmy/rehosting/qemu5_rehosting/qemu5/build/meson-private/tmppbiu6zgy/output.obj -c -D_FILE_OFFSET_BITS=64 -O0 -std=gnu11 

Code:
 
        #include <sys/prctl.h>
        int main(void) {
            /* If it's not defined as a macro, try to use as a symbol */
            #ifndef PR_SET_TIMERSLACK
                PR_SET_TIMERSLACK;
            #endif
            return 0;
        }
Compiler stdout:
 
Compiler stderr:
 
Header <sys/prctl.h> has symbol "PR_SET_TIMERSLACK" : YES 
Running compile:
Working directory:  /home/cmy/rehosting/qemu5_rehosting/qemu5/build/meson-private/tmpmoe5kt8_
Command line:  cc -m64 -mcx16 /home/cmy/rehosting/qemu5_rehosting/qemu5/build/meson-private/tmpmoe5kt8_/testfile.c -o /home/cmy/rehosting/qemu5_rehosting/qemu5/build/meson-private/tmpmoe5kt8_/output.obj -c -D_FILE_OFFSET_BITS=64 -O0 -std=gnu11 

Code:
 
        #include <linux/rtnetlink.h>
        int main(void) {
            /* If it's not defined as a macro, try to use as a symbol */
            #ifndef IFLA_PROTO_DOWN
                IFLA_PROTO_DOWN;
            #endif
            return 0;
        }
Compiler stdout:
 
Compiler stderr:
 
Header <linux/rtnetlink.h> has symbol "IFLA_PROTO_DOWN" : YES 
Running compile:
Working directory:  /home/cmy/rehosting/qemu5_rehosting/qemu5/build/meson-private/tmphoc8agdt
Command line:  cc -m64 -mcx16 /home/cmy/rehosting/qemu5_rehosting/qemu5/build/meson-private/tmphoc8agdt/testfile.c -o /home/cmy/rehosting/qemu5_rehosting/qemu5/build/meson-private/tmphoc8agdt/output.obj -c -D_FILE_OFFSET_BITS=64 -O0 -std=gnu11 

Code:
 
        #include <sys/sysmacros.h>
        int main(void) {
            /* If it's not defined as a macro, try to use as a symbol */
            #ifndef makedev
                makedev;
            #endif
            return 0;
        }
Compiler stdout:
 
Compiler stderr:
 
Header <sys/sysmacros.h> has symbol "makedev" : YES 
Running compile:
Working directory:  /home/cmy/rehosting/qemu5_rehosting/qemu5/build/meson-private/tmpi_c1c8ol
Command line:  cc -m64 -mcx16 /home/cmy/rehosting/qemu5_rehosting/qemu5/build/meson-private/tmpi_c1c8ol/testfile.c -o /home/cmy/rehosting/qemu5_rehosting/qemu5/build/meson-private/tmpi_c1c8ol/output.obj -c -D_FILE_OFFSET_BITS=64 -O0 -std=gnu11 

Code:
 
        #include <getopt.h>
        int main(void) {
            /* If it's not defined as a macro, try to use as a symbol */
            #ifndef optreset
                optreset;
            #endif
            return 0;
        }
Compiler stdout:
 
Compiler stderr:
 /home/cmy/rehosting/qemu5_rehosting/qemu5/build/meson-private/tmpi_c1c8ol/testfile.c: In function 'main':
/home/cmy/rehosting/qemu5_rehosting/qemu5/build/meson-private/tmpi_c1c8ol/testfile.c:6:17: error: 'optreset' undeclared (first use in this function)
    6 |                 optreset;
      |                 ^~~~~~~~
/home/cmy/rehosting/qemu5_rehosting/qemu5/build/meson-private/tmpi_c1c8ol/testfile.c:6:17: note: each undeclared identifier is reported only once for each function it appears in

Header <getopt.h> has symbol "optreset" : NO 
Running compile:
Working directory:  /home/cmy/rehosting/qemu5_rehosting/qemu5/build/meson-private/tmpti427bb0
Command line:  cc -m64 -mcx16 /home/cmy/rehosting/qemu5_rehosting/qemu5/build/meson-private/tmpti427bb0/testfile.c -o /home/cmy/rehosting/qemu5_rehosting/qemu5/build/meson-private/tmpti427bb0/output.obj -c -D_FILE_OFFSET_BITS=64 -O0 -std=gnu11 

Code:
 
        #include <utmpx.h>
        int main(void) {
            /* If it's not defined as a macro, try to use as a symbol */
            #ifndef struct utmpx
                struct utmpx;
            #endif
            return 0;
        }
Compiler stdout:
 
Compiler stderr:
 /home/cmy/rehosting/qemu5_rehosting/qemu5/build/meson-private/tmpti427bb0/testfile.c: In function 'main':
/home/cmy/rehosting/qemu5_rehosting/qemu5/build/meson-private/tmpti427bb0/testfile.c:5:28: warning: extra tokens at end of #ifndef directive
    5 |             #ifndef struct utmpx
      |                            ^~~~~

Header <utmpx.h> has symbol "struct utmpx" : YES 
Running compile:
Working directory:  /home/cmy/rehosting/qemu5_rehosting/qemu5/build/meson-private/tmpbidinkg_
Command line:  cc -m64 -mcx16 /home/cmy/rehosting/qemu5_rehosting/qemu5/build/meson-private/tmpbidinkg_/testfile.c -o /home/cmy/rehosting/qemu5_rehosting/qemu5/build/meson-private/tmpbidinkg_/output.obj -c -D_FILE_OFFSET_BITS=64 -O0 -std=gnu11 

Code:
 
        #include <netinet/in.h>
        int main(void) {
            /* If it's not defined as a macro, try to use as a symbol */
            #ifndef IPPROTO_MPTCP
                IPPROTO_MPTCP;
            #endif
            return 0;
        }
Compiler stdout:
 
Compiler stderr:
 /home/cmy/rehosting/qemu5_rehosting/qemu5/build/meson-private/tmpbidinkg_/testfile.c: In function 'main':
/home/cmy/rehosting/qemu5_rehosting/qemu5/build/meson-private/tmpbidinkg_/testfile.c:6:17: error: 'IPPROTO_MPTCP' undeclared (first use in this function); did you mean 'IPPROTO_MTP'?
    6 |                 IPPROTO_MPTCP;
      |                 ^~~~~~~~~~~~~
      |                 IPPROTO_MTP
/home/cmy/rehosting/qemu5_rehosting/qemu5/build/meson-private/tmpbidinkg_/testfile.c:6:17: note: each undeclared identifier is reported only once for each function it appears in

Header <netinet/in.h> has symbol "IPPROTO_MPTCP" : NO 
Running compile:
Working directory:  /home/cmy/rehosting/qemu5_rehosting/qemu5/build/meson-private/tmp95m0ovrr
Command line:  cc -m64 -mcx16 /home/cmy/rehosting/qemu5_rehosting/qemu5/build/meson-private/tmp95m0ovrr/testfile.c -o /home/cmy/rehosting/qemu5_rehosting/qemu5/build/meson-private/tmp95m0ovrr/output.obj -c -D_FILE_OFFSET_BITS=64 -O0 -std=gnu11 

Code:
 #include <signal.h>
        void bar(void) {
            struct sigevent foo;
            foo.sigev_notify_thread_id;

        };
Compiler stdout:
 
Compiler stderr:
 /home/cmy/rehosting/qemu5_rehosting/qemu5/build/meson-private/tmp95m0ovrr/testfile.c: In function 'bar':
/home/cmy/rehosting/qemu5_rehosting/qemu5/build/meson-private/tmp95m0ovrr/testfile.c:4:16: error: 'struct sigevent' has no member named 'sigev_notify_thread_id'
    4 |             foo.sigev_notify_thread_id;
      |                ^

Checking whether type "struct sigevent" has member "sigev_notify_thread_id" : NO 
Running compile:
Working directory:  /home/cmy/rehosting/qemu5_rehosting/qemu5/build/meson-private/tmphz1yfyk6
Command line:  cc -m64 -mcx16 /home/cmy/rehosting/qemu5_rehosting/qemu5/build/meson-private/tmphz1yfyk6/testfile.c -o /home/cmy/rehosting/qemu5_rehosting/qemu5/build/meson-private/tmphz1yfyk6/output.obj -c -D_FILE_OFFSET_BITS=64 -O0 -std=gnu11 

Code:
 #include <sys/stat.h>
        void bar(void) {
            struct stat foo;
            foo.st_atim;

        };
Compiler stdout:
 
Compiler stderr:
 
Checking whether type "struct stat" has member "st_atim" : YES 
Running compile:
Working directory:  /home/cmy/rehosting/qemu5_rehosting/qemu5/build/meson-private/tmpd8x6tf4b
Command line:  cc -m64 -mcx16 /home/cmy/rehosting/qemu5_rehosting/qemu5/build/meson-private/tmpd8x6tf4b/testfile.c -o /home/cmy/rehosting/qemu5_rehosting/qemu5/build/meson-private/tmpd8x6tf4b/output.exe -D_FILE_OFFSET_BITS=64 -O0 -std=gnu11 

Code:
 
  #include <sys/eventfd.h>
  int main(void) { return eventfd(0, EFD_NONBLOCK | EFD_CLOEXEC); }
Compiler stdout:
 
Compiler stderr:
 
Running compile:
Working directory:  /home/cmy/rehosting/qemu5_rehosting/qemu5/build/meson-private/tmphwpm2yt7
Command line:  cc -m64 -mcx16 /home/cmy/rehosting/qemu5_rehosting/qemu5/build/meson-private/tmphwpm2yt7/testfile.c -o /home/cmy/rehosting/qemu5_rehosting/qemu5/build/meson-private/tmphwpm2yt7/output.exe -D_FILE_OFFSET_BITS=64 -O0 -std=gnu11 

Code:
 
  #ifndef _GNU_SOURCE
  #define _GNU_SOURCE
  #endif

  #include <unistd.h>
  int main(void) {
  #if defined(_POSIX_SYNCHRONIZED_IO) && _POSIX_SYNCHRONIZED_IO > 0
  return fdatasync(0);
  #else
  #error Not supported
  #endif
  }
Compiler stdout:
 
Compiler stderr:
 
Running compile:
Working directory:  /home/cmy/rehosting/qemu5_rehosting/qemu5/build/meson-private/tmpzmfz4_9l
Command line:  cc -m64 -mcx16 /home/cmy/rehosting/qemu5_rehosting/qemu5/build/meson-private/tmpzmfz4_9l/testfile.c -o /home/cmy/rehosting/qemu5_rehosting/qemu5/build/meson-private/tmpzmfz4_9l/output.exe -D_FILE_OFFSET_BITS=64 -O0 -std=gnu11 

Code:
 
  #ifndef _GNU_SOURCE
  #define _GNU_SOURCE
  #endif

  #include <sys/types.h>
  #include <sys/mman.h>
  #include <stddef.h>
  int main(void) { return madvise(NULL, 0, MADV_DONTNEED); }
Compiler stdout:
 
Compiler stderr:
 
Running compile:
Working directory:  /home/cmy/rehosting/qemu5_rehosting/qemu5/build/meson-private/tmp6yg8nvtz
Command line:  cc -m64 -mcx16 /home/cmy/rehosting/qemu5_rehosting/qemu5/build/meson-private/tmp6yg8nvtz/testfile.c -o /home/cmy/rehosting/qemu5_rehosting/qemu5/build/meson-private/tmp6yg8nvtz/output.exe -D_FILE_OFFSET_BITS=64 -O0 -std=gnu11 

Code:
 
  #ifndef _GNU_SOURCE
  #define _GNU_SOURCE
  #endif

  #include <sys/mman.h>
  int main(void) { return memfd_create("foo", MFD_ALLOW_SEALING); }
Compiler stdout:
 
Compiler stderr:
 
Running compile:
Working directory:  /home/cmy/rehosting/qemu5_rehosting/qemu5/build/meson-private/tmpvvii_qmi
Command line:  cc -m64 -mcx16 /home/cmy/rehosting/qemu5_rehosting/qemu5/build/meson-private/tmpvvii_qmi/testfile.c -o /home/cmy/rehosting/qemu5_rehosting/qemu5/build/meson-private/tmpvvii_qmi/output.exe -D_FILE_OFFSET_BITS=64 -O0 -std=gnu11 

Code:
 
  #ifndef _GNU_SOURCE
  #define _GNU_SOURCE
  #endif

  #include <fcntl.h>
  #if !defined(AT_EMPTY_PATH)
  # error missing definition
  #else
  int main(void) { struct file_handle fh; return open_by_handle_at(0, &fh, 0); }
  #endif
Compiler stdout:
 
Compiler stderr:
 
Running compile:
Working directory:  /home/cmy/rehosting/qemu5_rehosting/qemu5/build/meson-private/tmpx8oskg_z
Command line:  cc -m64 -mcx16 /home/cmy/rehosting/qemu5_rehosting/qemu5/build/meson-private/tmpx8oskg_z/testfile.c -o /home/cmy/rehosting/qemu5_rehosting/qemu5/build/meson-private/tmpx8oskg_z/output.exe -D_FILE_OFFSET_BITS=64 -O0 -std=gnu11 

Code:
 
  #ifndef _GNU_SOURCE
  #define _GNU_SOURCE
  #endif

  #include <unistd.h>
  #include <fcntl.h>

  int main(void)
  {
      int pipefd[2];
      return pipe2(pipefd, O_CLOEXEC);
  }
Compiler stdout:
 
Compiler stderr:
 
Running compile:
Working directory:  /home/cmy/rehosting/qemu5_rehosting/qemu5/build/meson-private/tmpvks3do2p
Command line:  cc -m64 -mcx16 /home/cmy/rehosting/qemu5_rehosting/qemu5/build/meson-private/tmpvks3do2p/testfile.c -o /home/cmy/rehosting/qemu5_rehosting/qemu5/build/meson-private/tmpvks3do2p/output.exe -D_FILE_OFFSET_BITS=64 -O0 -std=gnu11 

Code:
 
  #ifndef _GNU_SOURCE
  #define _GNU_SOURCE
  #endif

  #include <sys/mman.h>
  #include <stddef.h>
  int main(void) { return posix_madvise(NULL, 0, POSIX_MADV_DONTNEED); }
Compiler stdout:
 
Compiler stderr:
 
Running compile:
Working directory:  /home/cmy/rehosting/qemu5_rehosting/qemu5/build/meson-private/tmpr1t00rfr
Command line:  cc -m64 -mcx16 /home/cmy/rehosting/qemu5_rehosting/qemu5/build/meson-private/tmpr1t00rfr/testfile.c -o /home/cmy/rehosting/qemu5_rehosting/qemu5/build/meson-private/tmpr1t00rfr/output.exe -pthread -D_FILE_OFFSET_BITS=64 -O0 -std=gnu11 

Code:
 
  #include <pthread.h>

  static void *f(void *p) { return NULL; }
  int main(void)
  {
    pthread_t thread;
    pthread_create(&thread, 0, f, 0);
    pthread_setname_np(thread, "QEMU");
    return 0;
  }
Compiler stdout:
 
Compiler stderr:
 /home/cmy/rehosting/qemu5_rehosting/qemu5/build/meson-private/tmpr1t00rfr/testfile.c: In function 'main':
/home/cmy/rehosting/qemu5_rehosting/qemu5/build/meson-private/tmpr1t00rfr/testfile.c:9:5: warning: implicit declaration of function 'pthread_setname_np'; did you mean 'pthread_setcanceltype'? [-Wimplicit-function-declaration]
    9 |     pthread_setname_np(thread, "QEMU");
      |     ^~~~~~~~~~~~~~~~~~
      |     pthread_setcanceltype

Running compile:
Working directory:  /home/cmy/rehosting/qemu5_rehosting/qemu5/build/meson-private/tmp22s56_ip
Command line:  cc -m64 -mcx16 /home/cmy/rehosting/qemu5_rehosting/qemu5/build/meson-private/tmp22s56_ip/testfile.c -o /home/cmy/rehosting/qemu5_rehosting/qemu5/build/meson-private/tmp22s56_ip/output.exe -pthread -D_FILE_OFFSET_BITS=64 -O0 -std=gnu11 

Code:
 
  #include <pthread.h>

  static void *f(void *p) { pthread_setname_np("QEMU"); return NULL; }
  int main(void)
  {
    pthread_t thread;
    pthread_create(&thread, 0, f, 0);
    return 0;
  }
Compiler stdout:
 
Compiler stderr:
 /home/cmy/rehosting/qemu5_rehosting/qemu5/build/meson-private/tmp22s56_ip/testfile.c: In function 'f':
/home/cmy/rehosting/qemu5_rehosting/qemu5/build/meson-private/tmp22s56_ip/testfile.c:4:29: warning: implicit declaration of function 'pthread_setname_np'; did you mean 'pthread_setcanceltype'? [-Wimplicit-function-declaration]
    4 |   static void *f(void *p) { pthread_setname_np("QEMU"); return NULL; }
      |                             ^~~~~~~~~~~~~~~~~~
      |                             pthread_setcanceltype

Running compile:
Working directory:  /home/cmy/rehosting/qemu5_rehosting/qemu5/build/meson-private/tmpgecvxzmb
Command line:  cc -m64 -mcx16 /home/cmy/rehosting/qemu5_rehosting/qemu5/build/meson-private/tmpgecvxzmb/testfile.c -o /home/cmy/rehosting/qemu5_rehosting/qemu5/build/meson-private/tmpgecvxzmb/output.exe -D_FILE_OFFSET_BITS=64 -O0 -std=gnu11 

Code:
 
  #ifndef _GNU_SOURCE
  #define _GNU_SOURCE
  #endif

  #include <sys/signalfd.h>
  #include <stddef.h>
  int main(void) { return signalfd(-1, NULL, SFD_CLOEXEC); }
Compiler stdout:
 
Compiler stderr:
 /home/cmy/rehosting/qemu5_rehosting/qemu5/build/meson-private/tmpgecvxzmb/testfile.c: In function 'main':
/home/cmy/rehosting/qemu5_rehosting/qemu5/build/meson-private/tmpgecvxzmb/testfile.c:8:27: warning: null argument where non-null required (argument 2) [-Wnonnull]
    8 |   int main(void) { return signalfd(-1, NULL, SFD_CLOEXEC); }
      |                           ^~~~~~~~

Running compile:
Working directory:  /home/cmy/rehosting/qemu5_rehosting/qemu5/build/meson-private/tmpiqveavd6
Command line:  cc -m64 -mcx16 /home/cmy/rehosting/qemu5_rehosting/qemu5/build/meson-private/tmpiqveavd6/testfile.c -o /home/cmy/rehosting/qemu5_rehosting/qemu5/build/meson-private/tmpiqveavd6/output.exe -D_FILE_OFFSET_BITS=64 -O0 -std=gnu11 

Code:
 
  #ifndef _GNU_SOURCE
  #define _GNU_SOURCE
  #endif

  #include <unistd.h>
  #include <fcntl.h>
  #include <limits.h>

  int main(void)
  {
    int len, fd = 0;
    len = tee(STDIN_FILENO, STDOUT_FILENO, INT_MAX, SPLICE_F_NONBLOCK);
    splice(STDIN_FILENO, NULL, fd, NULL, len, SPLICE_F_MOVE);
    return 0;
  }
Compiler stdout:
 
Compiler stderr:
 
Running compile:
Working directory:  /home/cmy/rehosting/qemu5_rehosting/qemu5/build/meson-private/tmpfpgu7pni
Command line:  cc -m64 -mcx16 /home/cmy/rehosting/qemu5_rehosting/qemu5/build/meson-private/tmpfpgu7pni/testfile.c -o /home/cmy/rehosting/qemu5_rehosting/qemu5/build/meson-private/tmpfpgu7pni/output.exe -D_FILE_OFFSET_BITS=64 -O0 -std=gnu11 

Code:
 
  #ifndef _GNU_SOURCE
  #define _GNU_SOURCE
  #endif

  #include <sys/mman.h>
  int main(int argc, char *argv[]) {
    return mlockall(MCL_FUTURE);
  }
Compiler stdout:
 
Compiler stderr:
 
Running compile:
Working directory:  /home/cmy/rehosting/qemu5_rehosting/qemu5/build/meson-private/tmp9cvq8fzj
Command line:  cc -m64 -mcx16 /home/cmy/rehosting/qemu5_rehosting/qemu5/build/meson-private/tmp9cvq8fzj/testfile.c -o /home/cmy/rehosting/qemu5_rehosting/qemu5/build/meson-private/tmp9cvq8fzj/output.exe -D_FILE_OFFSET_BITS=64 -O0 -std=gnu11 

Code:
 
  #include <linux/fs.h>'
  struct fsxattr foo;
  int main(void) {
    return 0;
  }
Compiler stdout:
 
Compiler stderr:
 /home/cmy/rehosting/qemu5_rehosting/qemu5/build/meson-private/tmp9cvq8fzj/testfile.c:2:24: warning: missing terminating ' character
    2 |   #include <linux/fs.h>'
      |                        ^
/home/cmy/rehosting/qemu5_rehosting/qemu5/build/meson-private/tmp9cvq8fzj/testfile.c:2:24: warning: extra tokens at end of #include directive

Running compile:
Working directory:  /home/cmy/rehosting/qemu5_rehosting/qemu5/build/meson-private/tmpua8jf73_
Command line:  cc -m64 -mcx16 /home/cmy/rehosting/qemu5_rehosting/qemu5/build/meson-private/tmpua8jf73_/testfile.c -o /home/cmy/rehosting/qemu5_rehosting/qemu5/build/meson-private/tmpua8jf73_/output.obj -c -D_FILE_OFFSET_BITS=64 -O0 -std=gnu11 -Werror 

Code:
 
    #include <stdint.h>
    #include <stdio.h>
    int main(int argc, char *argv[]) {
        return printf("%zu", SIZE_MAX);
    }
Compiler stdout:
 
Compiler stderr:
 
Running compile:
Working directory:  /home/cmy/rehosting/qemu5_rehosting/qemu5/build/meson-private/tmpa3zil7r2
Command line:  cc -m64 -mcx16 /home/cmy/rehosting/qemu5_rehosting/qemu5/build/meson-private/tmpa3zil7r2/testfile.c -o /home/cmy/rehosting/qemu5_rehosting/qemu5/build/meson-private/tmpa3zil7r2/output.exe -D_FILE_OFFSET_BITS=64 -O0 -std=gnu11 

Code:
 
  #include <stdint.h>
  int main(void)
  {
    uint64_t x = 0, y = 0;
    y = __atomic_load_n(&x, __ATOMIC_RELAXED);
    __atomic_store_n(&x, y, __ATOMIC_RELAXED);
    __atomic_compare_exchange_n(&x, &y, x, 0, __ATOMIC_RELAXED, __ATOMIC_RELAXED);
    __atomic_exchange_n(&x, y, __ATOMIC_RELAXED);
    __atomic_fetch_add(&x, y, __ATOMIC_RELAXED);
    return 0;
  }
Compiler stdout:
 
Compiler stderr:
 
Running compile:
Working directory:  /home/cmy/rehosting/qemu5_rehosting/qemu5/build/meson-private/tmpl4jkf3jl
Command line:  cc -m64 -mcx16 /home/cmy/rehosting/qemu5_rehosting/qemu5/build/meson-private/tmpl4jkf3jl/testfile.c -o /home/cmy/rehosting/qemu5_rehosting/qemu5/build/meson-private/tmpl4jkf3jl/output.exe -D_FILE_OFFSET_BITS=64 -O0 -std=gnu11 

Code:
 
  #ifndef _GNU_SOURCE
  #define _GNU_SOURCE
  #endif

  #include <sys/auxv.h>
  int main(void) {
    return getauxval(AT_HWCAP) == 0;
  }
Compiler stdout:
 
Compiler stderr:
 
Running compile:
Working directory:  /home/cmy/rehosting/qemu5_rehosting/qemu5/build/meson-private/tmp9v2b8zjy
Command line:  cc -m64 -mcx16 /home/cmy/rehosting/qemu5_rehosting/qemu5/build/meson-private/tmp9v2b8zjy/testfile.c -o /home/cmy/rehosting/qemu5_rehosting/qemu5/build/meson-private/tmp9v2b8zjy/output.obj -c -D_FILE_OFFSET_BITS=64 -O0 -std=gnu11 

Code:
 
  #ifndef _GNU_SOURCE
  #define _GNU_SOURCE
  #endif

  #include <errno.h>
  #include <sys/types.h>
  #include <sys/socket.h>
  #if !defined(AF_VSOCK)
  # error missing AF_VSOCK flag
  #endif
  #include <linux/vm_sockets.h>
  int main(void) {
    int sock, ret;
    struct sockaddr_vm svm;
    socklen_t len = sizeof(svm);
    sock = socket(AF_VSOCK, SOCK_STREAM, 0);
    ret = getpeername(sock, (struct sockaddr *)&svm, &len);
    if ((ret == -1) && (errno == ENOTCONN)) {
        return 0;
    }
    return -1;
  }
Compiler stdout:
 
Compiler stderr:
 
Program scripts/minikconf.py found: YES (/usr/bin/python3 /home/cmy/rehosting/qemu5_rehosting/qemu5/scripts/minikconf.py)
Configuring aarch64-linux-user-config-target.h using configuration
Configuring aarch64_be-linux-user-config-target.h using configuration
Configuring alpha-linux-user-config-target.h using configuration
Configuring arm-linux-user-config-target.h using configuration
Configuring armeb-linux-user-config-target.h using configuration
Configuring cris-linux-user-config-target.h using configuration
Configuring hexagon-linux-user-config-target.h using configuration
Configuring hppa-linux-user-config-target.h using configuration
Configuring i386-linux-user-config-target.h using configuration
Configuring m68k-linux-user-config-target.h using configuration
Configuring microblaze-linux-user-config-target.h using configuration
Configuring microblazeel-linux-user-config-target.h using configuration
Configuring mips-linux-user-config-target.h using configuration
Configuring mips64-linux-user-config-target.h using configuration
Configuring mips64el-linux-user-config-target.h using configuration
Configuring mipsel-linux-user-config-target.h using configuration
Configuring mipsn32-linux-user-config-target.h using configuration
Configuring mipsn32el-linux-user-config-target.h using configuration
Configuring nios2-linux-user-config-target.h using configuration
Configuring or1k-linux-user-config-target.h using configuration
Configuring ppc-linux-user-config-target.h using configuration
Configuring ppc64-linux-user-config-target.h using configuration
Configuring ppc64le-linux-user-config-target.h using configuration
Configuring riscv32-linux-user-config-target.h using configuration
Configuring riscv64-linux-user-config-target.h using configuration
Configuring s390x-linux-user-config-target.h using configuration
Configuring sh4-linux-user-config-target.h using configuration
Configuring sh4eb-linux-user-config-target.h using configuration
Configuring sparc-linux-user-config-target.h using configuration
Configuring sparc32plus-linux-user-config-target.h using configuration
Configuring sparc64-linux-user-config-target.h using configuration
Configuring x86_64-linux-user-config-target.h using configuration
Configuring xtensa-linux-user-config-target.h using configuration
Configuring xtensaeb-linux-user-config-target.h using configuration
Pkg-config binary for MachineChoice.HOST is cached.
Determining dependency 'capstone' with pkg-config executable '/usr/bin/pkg-config'
env[PKG_CONFIG_PATH]: /usr/local/protobuf/lib/pkgconfig/
Called `/usr/bin/pkg-config --modversion capstone` -> 1

Run-time dependency capstone found: NO (tried pkgconfig)
Configuring capstone-defs.h using configuration
Configuring config-host.h using configuration
Program scripts/hxtool found: YES (/home/cmy/rehosting/qemu5_rehosting/qemu5/scripts/hxtool)
Program scripts/shaderinclude.pl found: YES (/usr/bin/env perl /home/cmy/rehosting/qemu5_rehosting/qemu5/scripts/shaderinclude.pl)
Program scripts/qapi-gen.py found: YES (/usr/bin/python3 /home/cmy/rehosting/qemu5_rehosting/qemu5/scripts/qapi-gen.py)
Program scripts/qemu-version.sh found: YES (/home/cmy/rehosting/qemu5_rehosting/qemu5/scripts/qemu-version.sh)

Executing subproject libvhost-user 

Project name: libvhost-user
Project version: undefined
C compiler for the host machine: cc -m64 -mcx16 (gcc 9.4.0 "cc (Ubuntu 9.4.0-1ubuntu1~20.04.2) 9.4.0")
C linker for the host machine: cc -m64 -mcx16 ld.bfd 2.34
C compiler for the build machine: cc -m64 -mcx16 (gcc 9.4.0 "cc (Ubuntu 9.4.0-1ubuntu1~20.04.2) 9.4.0")
C linker for the build machine: cc -m64 -mcx16 ld.bfd 2.34
Dependency threads found: YES unknown (cached)
Dependency glib-2.0 found: YES 6.1.90 (overridden)
Build targets in project: 7
Subproject libvhost-user finished.

Program cat found: YES (/usr/bin/cat)
Program scripts/decodetree.py found: YES (/usr/bin/python3 /home/cmy/rehosting/qemu5_rehosting/qemu5/scripts/decodetree.py)
Program scripts/modinfo-collect.py found: YES (/home/cmy/rehosting/qemu5_rehosting/qemu5/scripts/modinfo-collect.py)
Program scripts/modinfo-generate.py found: YES (/home/cmy/rehosting/qemu5_rehosting/qemu5/scripts/modinfo-generate.py)
Program nm found: YES
Program scripts/undefsym.py found: YES (/usr/bin/python3 /home/cmy/rehosting/qemu5_rehosting/qemu5/scripts/undefsym.py)
Program scripts/feature_to_c.sh found: YES (/bin/sh /home/cmy/rehosting/qemu5_rehosting/qemu5/scripts/feature_to_c.sh)
Program qemu-keymap found: NO
Program cp found: YES (/usr/bin/cp)
Program sphinx-build-3 sphinx-build found: NO
Program python3 found: YES (/usr/bin/python3)
Adding test "decodetree"
Adding test "fp-test-float-to-float"
Adding test "fp-test-float-to-int"
Adding test "fp-test-float-to-uint"
Adding test "fp-test-int-to-float"
Adding test "fp-test-round-to-integer"
Adding test "fp-test-uint-to-float"
Adding test "fp-test-add"
Adding test "fp-test-div"
Adding test "fp-test-eq_signaling"
Adding test "fp-test-le"
Adding test "fp-test-le_quiet"
Adding test "fp-test-lt_quiet"
Adding test "fp-test-mul"
Adding test "fp-test-rem"
Adding test "fp-test-sqrt"
Adding test "fp-test-sub"
Adding test "fp-test-mulAdd"
Adding test "fp-test-log2"
Adding test "check-block-qdict"
Adding test "check-qdict"
Adding test "check-qjson"
Adding test "check-qlist"
Adding test "check-qlit"
Adding test "check-qnull"
Adding test "check-qnum"
Adding test "check-qobject"
Adding test "check-qom-interface"
Adding test "check-qom-proplist"
Adding test "check-qstring"
Adding test "ptimer-test"
Adding test "rcutorture"
Adding test "test-bitcnt"
Adding test "test-bitmap"
Adding test "test-bitops"
Adding test "test-clone-visitor"
Adding test "test-cutils"
Adding test "test-div128"
Adding test "test-forward-visitor"
Adding test "test-int128"
Adding test "test-keyval"
Adding test "test-logging"
Adding test "test-mul64"
Adding test "test-opts-visitor"
Adding test "test-qapi-util"
Adding test "test-qdist"
Adding test "test-qemu-opts"
Adding test "test-qgraph"
Adding test "test-qht"
Adding test "test-qobject-input-visitor"
Adding test "test-qobject-output-visitor"
Adding test "test-rcu-list"
Adding test "test-rcu-simpleq"
Adding test "test-rcu-slist"
Adding test "test-rcu-tailq"
Adding test "test-shift128"
Adding test "test-smp-parse"
Adding test "test-string-input-visitor"
Adding test "test-string-output-visitor"
Adding test "test-uuid"
Adding test "test-visitor-serialization"
Adding test "test-x86-cpuid"
Adding test "QAPI schema regression tests"
Program diff found: YES (/usr/bin/diff)
Program dbus-daemon found: YES (/usr/bin/dbus-daemon)
Program /usr/bin/gdbus-codegen found: YES (/usr/bin/gdbus-codegen)
Program initrd-stress.sh found: YES (/home/cmy/rehosting/qemu5_rehosting/qemu5/tests/migration/initrd-stress.sh)
Build targets in project: 258

qemu 6.1.90

  Directories
    Install prefix               : /home/cmy/rehosting/qemu5_rehosting/qemu-user-static
    BIOS directory               : share/qemu
    firmware path                : /home/cmy/rehosting/qemu5_rehosting/qemu-user-static/share/qemu-firmware
    binary directory             : bin
    library directory            : lib
    module directory             : lib/qemu
    libexec directory            : libexec
    include directory            : include
    config directory             : /home/cmy/rehosting/qemu5_rehosting/qemu-user-static/etc
    local state directory        : /home/cmy/rehosting/qemu5_rehosting/qemu-user-static/var
    Manual directory             : share/man
    Doc directory                : /home/cmy/rehosting/qemu5_rehosting/qemu-user-static/share/doc
    Build directory              : /home/cmy/rehosting/qemu5_rehosting/qemu5/build
    Source path                  : /home/cmy/rehosting/qemu5_rehosting/qemu5
    GIT submodules               : ui/keycodemapdb tests/fp/berkeley-testfloat-3 tests/fp/berkeley-softfloat-3 dtc capstone slirp

  Host binaries
    git                          : git
    make                         : make
    python                       : /usr/bin/python3 (version: 3.8)
    sphinx-build                 : NO
    gdb                          : /usr/bin/gdb-multiarch
    genisoimage                  : /usr/bin/genisoimage

  Configurable features
    Documentation                : NO
    system-mode emulation        : NO
    user-mode emulation          : YES
    block layer                  : NO
    Install blobs                : YES
    module support               : NO
    fuzzing support              : NO
    Trace backends               : log
    QOM debugging                : YES
    vhost-kernel support         : YES
    vhost-net support            : YES
    vhost-crypto support         : YES
    vhost-scsi support           : YES
    vhost-vsock support          : YES
    vhost-user support           : YES
    vhost-user-blk server support: NO
    vhost-user-fs support        : YES
    vhost-vdpa support           : YES
    build guest agent            : NO

  Compilation
    host CPU                     : x86_64
    host endianness              : little
    C compiler                   : cc -m64 -mcx16
    Host C compiler              : cc -m64 -mcx16
    C++ compiler                 : c++ -m64 -mcx16
    CFLAGS                       : -O2 -g
    CXXFLAGS                     : -O2 -g
    QEMU_CFLAGS                  : -U_FORTIFY_SOURCE -D_FORTIFY_SOURCE=2 -D_GNU_SOURCE -D_FILE_OFFSET_BITS=64 -D_LARGEFILE_SOURCE -Wstrict-prototypes -Wredundant-decls -Wundef -Wwrite-strings -Wmissing-prototypes -fno-strict-aliasing -fno-common -fwrapv -Wold-style-declaration -Wold-style-definition -Wtype-limits -Wformat-security -Wformat-y2k -Winit-self -Wignored-qualifiers -Wempty-body -Wnested-externs -Wendif-labels -Wexpansion-to-defined -Wimplicit-fallthrough=2 -Wno-missing-include-dirs -Wno-shift-negative-value -Wno-psabi -fstack-protector-strong
    QEMU_LDFLAGS                 : -Wl,--warn-common -Wl,-z,relro -Wl,-z,now -static-pie  -fstack-protector-strong
    profiler                     : NO
    link-time optimization (LTO) : NO
    PIE                          : YES
    static build                 : YES
    malloc trim support          : YES
    membarrier                   : NO
    debug stack usage            : NO
    mutex debugging              : NO
    memory allocator             : system
    avx2 optimization            : YES
    avx512f optimization         : NO
    gprof enabled                : NO
    gcov                         : NO
    thread sanitizer             : NO
    CFI support                  : NO
    strip binaries               : YES
    sparse                       : NO
    mingw32 support              : NO
    aarch64 tests                : aarch64-linux-gnu-gcc-10 via debian-arm64-test-cross
    alpha tests                  : alpha-linux-gnu-gcc via debian-alpha-cross
    arm tests                    : arm-linux-gnueabihf-gcc via debian-armhf-cross
    cris tests                   : cris-linux-gnu-gcc via fedora-cris-cross
    hexagon tests                : hexagon-unknown-linux-musl-clang via debian-hexagon-cross
    hppa tests                   : hppa-linux-gnu-gcc via debian-hppa-cross
    i386 tests                   : gcc via fedora-i386-cross
    m68k tests                   : m68k-linux-gnu-gcc via debian-m68k-cross
    microblaze tests             : microblaze-linux-musl-gcc via debian-microblaze-cross
    mips tests                   : mips-linux-gnu-gcc
    mips64 tests                 : mips64-linux-gnuabi64-gcc via debian-mips64-cross
    mips64el tests               : mips64el-linux-gnuabi64-gcc via debian-mips64el-cross
    mipsel tests                 : mipsel-linux-gnu-gcc via debian-mipsel-cross
    nios2 tests                  : nios2-linux-gnu-gcc via debian-nios2-cross
    ppc tests                    : powerpc-linux-gnu-gcc-10 via debian-powerpc-test-cross
    ppc64 tests                  : powerpc64-linux-gnu-gcc-10 via debian-powerpc-test-cross
    ppc64le tests                : powerpc64le-linux-gnu-gcc-10 via debian-powerpc-test-cross
    riscv64 tests                : riscv64-linux-gnu-gcc
    s390x tests                  : s390x-linux-gnu-gcc via debian-s390x-cross
    sh4 tests                    : sh4-linux-gnu-gcc via debian-sh4-cross
    sparc64 tests                : sparc64-linux-gnu-gcc via debian-sparc64-cross
    x86_64 tests                 : cc

  Targets and accelerators
    TCG support                  : YES
    TCG backend                  : native (x86_64)
    TCG plugins                  : NO
    TCG debug enabled            : NO
    target list                  : aarch64-linux-user aarch64_be-linux-user alpha-linux-user arm-linux-user armeb-linux-user cris-linux-user hexagon-linux-user hppa-linux-user i386-linux-user m68k-linux-user microblaze-linux-user microblazeel-linux-user mips-linux-user mips64-linux-user mips64el-linux-user mipsel-linux-user mipsn32-linux-user mipsn32el-linux-user nios2-linux-user or1k-linux-user ppc-linux-user ppc64-linux-user ppc64le-linux-user riscv32-linux-user riscv64-linux-user s390x-linux-user sh4-linux-user sh4eb-linux-user sparc-linux-user sparc32plus-linux-user sparc64-linux-user x86_64-linux-user xtensa-linux-user xtensaeb-linux-user

  Block layer support
    coroutine backend            : ucontext
    coroutine pool               : YES

  Crypto
    TLS priority                 : "NORMAL"
    GNUTLS support               : NO
    libgcrypt                    : NO
    nettle                       : NO
    crypto afalg                 : NO
    rng-none                     : NO
    Linux keyring                : YES

  Dependencies
    SDL support                  : NO
    SDL image support            : NO
    GTK support                  : NO
    pixman                       : NO
    VTE support                  : NO
    slirp support                : NO
    libtasn1                     : NO
    PAM                          : NO
    iconv support                : NO
    curses support               : NO
    virgl support                : NO
    curl support                 : NO
    Multipath support            : NO
    VNC support                  : NO
    OSS support                  : NO
    ALSA support                 : NO
    PulseAudio support           : NO
    JACK support                 : NO
    brlapi support               : NO
    vde support                  : NO
    netmap support               : NO
    l2tpv3 support               : NO
    Linux AIO support            : NO
    Linux io_uring support       : NO
    ATTR/XATTR support           : YES
    RDMA support                 : NO
    PVRDMA support               : NO
    fdt support                  : auto
    libcap-ng support            : NO
    bpf support                  : NO
    spice protocol support       : NO
    rbd support                  : NO
    xfsctl support               : NO
    smartcard support            : NO
    U2F support                  : NO
    libusb                       : NO
    usb net redir                : NO
    OpenGL support               : NO
    GBM                          : NO
    libiscsi support             : NO
    libnfs support               : NO
    seccomp support              : NO
    GlusterFS support            : NO
    TPM support                  : YES
    libssh support               : NO
    lzo support                  : NO
    snappy support               : NO
    bzip2 support                : NO
    lzfse support                : NO
    zstd support                 : NO
    NUMA host support            : NO
    libxml2                      : NO
    capstone                     : internal
    libpmem support              : NO
    libdaxctl support            : NO
    libudev                      : NO
    FUSE lseek                   : NO

  Subprojects
    libvhost-user                : YES

Found ninja-1.10.0 at /usr/bin/ninja
Running compile:
Working directory:  /home/cmy/rehosting/qemu5_rehosting/qemu5/build/meson-private/tmpzqmp_w2i
Command line:  cc -m64 -mcx16 /home/cmy/rehosting/qemu5_rehosting/qemu5/build/meson-private/tmpzqmp_w2i/testfile.c -o /home/cmy/rehosting/qemu5_rehosting/qemu5/build/meson-private/tmpzqmp_w2i/output.obj -c -D_FILE_OFFSET_BITS=64 -O0 --print-search-dirs 

Code:
 
Compiler stdout:
 install: /usr/lib/gcc/x86_64-linux-gnu/9/
programs: =/usr/lib/gcc/x86_64-linux-gnu/9/:/usr/lib/gcc/x86_64-linux-gnu/9/:/usr/lib/gcc/x86_64-linux-gnu/:/usr/lib/gcc/x86_64-linux-gnu/9/:/usr/lib/gcc/x86_64-linux-gnu/:/usr/lib/gcc/x86_64-linux-gnu/9/../../../../x86_64-linux-gnu/bin/x86_64-linux-gnu/9/:/usr/lib/gcc/x86_64-linux-gnu/9/../../../../x86_64-linux-gnu/bin/x86_64-linux-gnu/:/usr/lib/gcc/x86_64-linux-gnu/9/../../../../x86_64-linux-gnu/bin/
libraries: =./x86_64-linux-gnu/9/:./x86_64-linux-gnu/:./../lib/:/usr/local/protobuf/lib/x86_64-linux-gnu/9/:/usr/local/protobuf/lib/x86_64-linux-gnu/:/usr/local/protobuf/lib/../lib/:/usr/local/protobuf/lib/x86_64-linux-gnu/9/:/usr/local/protobuf/lib/x86_64-linux-gnu/:/usr/local/protobuf/lib/../lib/:/usr/local/protobuf/lib/x86_64-linux-gnu/9/:/usr/local/protobuf/lib/x86_64-linux-gnu/:/usr/local/protobuf/lib/../lib/:/usr/local/protobuf/lib/x86_64-linux-gnu/9/:/usr/local/protobuf/lib/x86_64-linux-gnu/:/usr/local/protobuf/lib/../lib/:/usr/lib/gcc/x86_64-linux-gnu/9/:/usr/lib/gcc/x86_64-linux-gnu/9/../../../../x86_64-linux-gnu/lib/x86_64-linux-gnu/9/:/usr/lib/gcc/x86_64-linux-gnu/9/../../../../x86_64-linux-gnu/lib/x86_64-linux-gnu/:/usr/lib/gcc/x86_64-linux-gnu/9/../../../../x86_64-linux-gnu/lib/../lib/:/usr/lib/gcc/x86_64-linux-gnu/9/../../../x86_64-linux-gnu/9/:/usr/lib/gcc/x86_64-linux-gnu/9/../../../x86_64-linux-gnu/:/usr/lib/gcc/x86_64-linux-gnu/9/../../../../lib/:/lib/x86_64-linux-gnu/9/:/lib/x86_64-linux-gnu/:/lib/../lib/:/usr/lib/x86_64-linux-gnu/9/:/usr/lib/x86_64-linux-gnu/:/usr/lib/../lib/:./:/usr/local/protobuf/lib/:/usr/local/protobuf/lib/:/usr/local/protobuf/lib/:/usr/local/protobuf/lib/:/usr/lib/gcc/x86_64-linux-gnu/9/../../../../x86_64-linux-gnu/lib/:/usr/lib/gcc/x86_64-linux-gnu/9/../../../:/lib/:/usr/lib/

Compiler stderr:
 
Running compile:
Working directory:  /home/cmy/rehosting/qemu5_rehosting/qemu5/build/meson-private/tmpno1z08ql
Command line:  cc -m64 -mcx16 /home/cmy/rehosting/qemu5_rehosting/qemu5/build/meson-private/tmpno1z08ql/testfile.c -o /home/cmy/rehosting/qemu5_rehosting/qemu5/build/meson-private/tmpno1z08ql/output.obj -c -D_FILE_OFFSET_BITS=64 -O0 --print-search-dirs 

Code:
 
Compiler stdout:
 install: /usr/lib/gcc/x86_64-linux-gnu/9/
programs: =/usr/lib/gcc/x86_64-linux-gnu/9/:/usr/lib/gcc/x86_64-linux-gnu/9/:/usr/lib/gcc/x86_64-linux-gnu/:/usr/lib/gcc/x86_64-linux-gnu/9/:/usr/lib/gcc/x86_64-linux-gnu/:/usr/lib/gcc/x86_64-linux-gnu/9/../../../../x86_64-linux-gnu/bin/x86_64-linux-gnu/9/:/usr/lib/gcc/x86_64-linux-gnu/9/../../../../x86_64-linux-gnu/bin/x86_64-linux-gnu/:/usr/lib/gcc/x86_64-linux-gnu/9/../../../../x86_64-linux-gnu/bin/
libraries: =./x86_64-linux-gnu/9/:./x86_64-linux-gnu/:./../lib/:/usr/local/protobuf/lib/x86_64-linux-gnu/9/:/usr/local/protobuf/lib/x86_64-linux-gnu/:/usr/local/protobuf/lib/../lib/:/usr/local/protobuf/lib/x86_64-linux-gnu/9/:/usr/local/protobuf/lib/x86_64-linux-gnu/:/usr/local/protobuf/lib/../lib/:/usr/local/protobuf/lib/x86_64-linux-gnu/9/:/usr/local/protobuf/lib/x86_64-linux-gnu/:/usr/local/protobuf/lib/../lib/:/usr/local/protobuf/lib/x86_64-linux-gnu/9/:/usr/local/protobuf/lib/x86_64-linux-gnu/:/usr/local/protobuf/lib/../lib/:/usr/lib/gcc/x86_64-linux-gnu/9/:/usr/lib/gcc/x86_64-linux-gnu/9/../../../../x86_64-linux-gnu/lib/x86_64-linux-gnu/9/:/usr/lib/gcc/x86_64-linux-gnu/9/../../../../x86_64-linux-gnu/lib/x86_64-linux-gnu/:/usr/lib/gcc/x86_64-linux-gnu/9/../../../../x86_64-linux-gnu/lib/../lib/:/usr/lib/gcc/x86_64-linux-gnu/9/../../../x86_64-linux-gnu/9/:/usr/lib/gcc/x86_64-linux-gnu/9/../../../x86_64-linux-gnu/:/usr/lib/gcc/x86_64-linux-gnu/9/../../../../lib/:/lib/x86_64-linux-gnu/9/:/lib/x86_64-linux-gnu/:/lib/../lib/:/usr/lib/x86_64-linux-gnu/9/:/usr/lib/x86_64-linux-gnu/:/usr/lib/../lib/:./:/usr/local/protobuf/lib/:/usr/local/protobuf/lib/:/usr/local/protobuf/lib/:/usr/local/protobuf/lib/:/usr/lib/gcc/x86_64-linux-gnu/9/../../../../x86_64-linux-gnu/lib/:/usr/lib/gcc/x86_64-linux-gnu/9/../../../:/lib/:/usr/lib/

Compiler stderr:
 
Running compile:
Working directory:  /tmp/tmpg7x155j2
Command line:  c++ -m64 -mcx16 /tmp/tmpg7x155j2/testfile.cpp -o /tmp/tmpg7x155j2/output.obj -D_FILE_OFFSET_BITS=64 -c -std=gnu++11 

Code:
 int i = static_cast<int>(0);
Compiler stdout:
 
Compiler stderr:
 
Compiler accepts -std=gnu++11: YES
